#
# There is insufficient memory for the Java Runtime Environment to continue.
# Native memory allocation (malloc) failed to allocate 1008176 bytes for Chunk::new
# Possible reasons:
#   The system is out of physical RAM or swap space
#   The process is running with CompressedOops enabled, and the Java Heap may be blocking the growth of the native heap
# Possible solutions:
#   Reduce memory load on the system
#   Increase physical memory or swap space
#   Check if swap backing store is full
#   Decrease Java heap size (-Xmx/-Xms)
#   Decrease number of Java threads
#   Decrease Java thread stack sizes (-Xss)
#   Set larger code cache with -XX:ReservedCodeCacheSize=
#   JVM is running with Unscaled Compressed Oops mode in which the Java heap is
#     placed in the first 4GB address space. The Java Heap base address is the
#     maximum limit for the native heap growth. Please use -XX:HeapBaseMinAddress
#     to set the Java Heap base and to place the Java Heap above 4GB virtual address.
# This output file may be truncated or incomplete.
#
#  Out of Memory Error (allocation.cpp:389), pid=7768, tid=0x00000000000033c4
#
# JRE version: Java(TM) SE Runtime Environment (8.0_211-b12) (build 1.8.0_211-b12)
# Java VM: Java HotSpot(TM) 64-Bit Server VM (25.211-b12 mixed mode windows-amd64 compressed oops)
# Failed to write core dump. Minidumps are not enabled by default on client versions of Windows
#

---------------  T H R E A D  ---------------

Current thread (0x00000000142e1000):  JavaThread "C2 CompilerThread0" daemon [_thread_in_native, id=13252, stack(0x0000000015950000,0x0000000015a50000)]

Stack: [0x0000000015950000,0x0000000015a50000]
[error occurred during error reporting (printing stack bounds), id 0xc0000005]

Native frames: (J=compiled Java code, j=interpreted, Vv=VM code, C=native code)


Current CompileTask:
C2:  40788 2852       4       java.io.WinNTFileSystem::normalize (143 bytes)


---------------  P R O C E S S  ---------------

Java Threads: ( => current thread )
  0x0000000017692800 JavaThread "Cache worker for execution history cache (C:\Users\joann\.gradle\caches\5.5\executionHistory)" [_thread_blocked, id=2240, stack(0x000000001e510000,0x000000001e610000)]
  0x0000000017695800 JavaThread "Cache worker for cache directory md-rule (C:\Users\joann\.gradle\caches\5.5\md-rule)" [_thread_blocked, id=11704, stack(0x000000001e410000,0x000000001e510000)]
  0x00000000142f4000 JavaThread "Cache worker for cache directory md-supplier (C:\Users\joann\.gradle\caches\5.5\md-supplier)" [_thread_blocked, id=6896, stack(0x000000001e310000,0x000000001e410000)]
  0x00000000142f2800 JavaThread "Cache worker for file hash cache (C:\Users\joann\maythesalesmobile\android\.gradle\5.5\fileHashes)" [_thread_blocked, id=864, stack(0x000000001c240000,0x000000001c340000)]
  0x00000000142f7000 JavaThread "Cache worker for journal cache (C:\Users\joann\.gradle\caches\journal-1)" [_thread_blocked, id=11036, stack(0x0000000018ed0000,0x0000000018fd0000)]
  0x00000000142f1800 JavaThread "File lock request listener" [_thread_in_native, id=11364, stack(0x0000000018dd0000,0x0000000018ed0000)]
  0x00000000142f4800 JavaThread "Cache worker for file hash cache (C:\Users\joann\.gradle\caches\5.5\fileHashes)" [_thread_blocked, id=10708, stack(0x0000000018cd0000,0x0000000018dd0000)]
  0x0000000016ff2800 JavaThread "Thread-9" [_thread_blocked, id=7820, stack(0x0000000018bd0000,0x0000000018cd0000)]
  0x0000000016ff9000 JavaThread "Stdin handler" [_thread_blocked, id=11408, stack(0x0000000018ad0000,0x0000000018bd0000)]
  0x0000000016ff7800 JavaThread "Asynchronous log dispatcher for DefaultDaemonConnection: socket connection from /127.0.0.1:55818 to /127.0.0.1:55819" [_thread_blocked, id=5412, stack(0x00000000189d0000,0x0000000018ad0000)]
  0x0000000016fd8000 JavaThread "Daemon worker" [_thread_in_vm, id=7596, stack(0x00000000188d0000,0x00000000189d0000)]
  0x0000000016fd6800 JavaThread "Cancel handler" [_thread_blocked, id=7280, stack(0x00000000187d0000,0x00000000188d0000)]
  0x0000000016f28000 JavaThread "Handler for socket connection from /127.0.0.1:55818 to /127.0.0.1:55819" [_thread_in_native, id=12892, stack(0x00000000184d0000,0x00000000185d0000)]
  0x0000000016f24800 JavaThread "Daemon" [_thread_blocked, id=11304, stack(0x00000000183d0000,0x00000000184d0000)]
  0x0000000015fef800 JavaThread "Daemon periodic checks" [_thread_blocked, id=5000, stack(0x00000000182d0000,0x00000000183d0000)]
  0x0000000015fa1800 JavaThread "Incoming local TCP Connector on port 55818" [_thread_in_native, id=9288, stack(0x0000000018060000,0x0000000018160000)]
  0x0000000017482000 JavaThread "Daemon health stats" [_thread_blocked, id=2508, stack(0x0000000017a20000,0x0000000017b20000)]
  0x0000000015c86800 JavaThread "Service Thread" daemon [_thread_blocked, id=8256, stack(0x0000000016050000,0x0000000016150000)]
  0x00000000142f1000 JavaThread "C1 CompilerThread2" daemon [_thread_blocked, id=5944, stack(0x0000000015b50000,0x0000000015c50000)]
  0x00000000142eb800 JavaThread "C2 CompilerThread1" daemon [_thread_in_native, id=6004, stack(0x0000000015a50000,0x0000000015b50000)]
=>0x00000000142e1000 JavaThread "C2 CompilerThread0" daemon [_thread_in_native, id=13252, stack(0x0000000015950000,0x0000000015a50000)]
  0x00000000142df000 JavaThread "Attach Listener" daemon [_thread_blocked, id=11236, stack(0x0000000015850000,0x0000000015950000)]
  0x00000000142dd800 JavaThread "Signal Dispatcher" daemon [_thread_blocked, id=12024, stack(0x0000000015750000,0x0000000015850000)]
  0x0000000002e6a800 JavaThread "Finalizer" daemon [_thread_blocked, id=10280, stack(0x0000000015530000,0x0000000015630000)]
  0x0000000002e61800 JavaThread "Reference Handler" daemon [_thread_blocked, id=1360, stack(0x0000000015430000,0x0000000015530000)]
  0x0000000002d72800 JavaThread "main" [_thread_blocked, id=12564, stack(0x0000000002c30000,0x0000000002d30000)]

Other Threads:
  0x00000000142a7800 VMThread [stack: 0x0000000015330000,0x0000000015430000] [id=11600]
  0x0000000015ca9800 WatcherThread [stack: 0x0000000016150000,0x0000000016250000] [id=4688]

VM state:not at safepoint (normal execution)

VM Mutex/Monitor currently owned by a thread: None

heap address: 0x00000000e0000000, size: 512 MB, Compressed Oops mode: 32-bit
Narrow klass base: 0x0000000000000000, Narrow klass shift: 3
Compressed class space size: 1073741824 Address: 0x0000000100000000

Heap:
 PSYoungGen      total 78336K, used 29581K [0x00000000f5580000, 0x00000000fbc00000, 0x0000000100000000)
  eden space 65536K, 45% used [0x00000000f5580000,0x00000000f72635c0,0x00000000f9580000)
  from space 12800K, 0% used [0x00000000faf80000,0x00000000faf80000,0x00000000fbc00000)
  to   space 10752K, 0% used [0x00000000f9580000,0x00000000f9580000,0x00000000fa000000)
 ParOldGen       total 175104K, used 17238K [0x00000000e0000000, 0x00000000eab00000, 0x00000000f5580000)
  object space 175104K, 9% used [0x00000000e0000000,0x00000000e10d5a30,0x00000000eab00000)
 Metaspace       used 36317K, capacity 37030K, committed 37208K, reserved 1081344K
  class space    used 4995K, capacity 5216K, committed 5248K, reserved 1048576K

Card table byte_map: [0x0000000012330000,0x0000000012440000] byte_map_base: 0x0000000011c30000

Marking Bits: (ParMarkBitMap*) 0x0000000055475ce0
 Begin Bits: [0x0000000012840000, 0x0000000013040000)
 End Bits:   [0x0000000013040000, 0x0000000013840000)

Polling page: 0x0000000002d30000

CodeCache: size=245760Kb used=11006Kb max_used=11018Kb free=234753Kb
 bounds [0x0000000002f70000, 0x0000000003a40000, 0x0000000011f70000]
 total_blobs=3459 nmethods=2734 adapters=637
 compilation: enabled

Compilation events (10 events):
Event: 40.554 Thread 0x00000000142f1000 2930       3       com.google.common.collect.Lists::newArrayList (8 bytes)
Event: 40.554 Thread 0x00000000142f1000 nmethod 2930 0x0000000003a338d0 code [0x0000000003a33a40, 0x0000000003a33d50]
Event: 40.554 Thread 0x00000000142f1000 2931       1       org.gradle.api.internal.artifacts.ivyservice.resolveengine.graph.builder.ModuleResolveState::getSelected (5 bytes)
Event: 40.555 Thread 0x00000000142f1000 nmethod 2931 0x0000000003a30cd0 code [0x0000000003a30e20, 0x0000000003a30f30]
Event: 40.555 Thread 0x00000000142f1000 2932       1       com.google.common.cache.LocalCache$StrongEntry::getHash (5 bytes)
Event: 40.555 Thread 0x00000000142f1000 nmethod 2932 0x0000000003a30a10 code [0x0000000003a30b60, 0x0000000003a30c70]
Event: 40.556 Thread 0x00000000142f1000 2933       3       java.lang.ThreadLocal$ThreadLocalMap::getEntryAfterMiss (63 bytes)
Event: 40.557 Thread 0x00000000142f1000 nmethod 2933 0x0000000003a33ed0 code [0x0000000003a34060, 0x0000000003a345c8]
Event: 40.557 Thread 0x00000000142f1000 2934       3       java.util.concurrent.locks.ReentrantLock$Sync::isHeldExclusively (16 bytes)
Event: 40.557 Thread 0x00000000142f1000 nmethod 2934 0x0000000003a347d0 code [0x0000000003a34920, 0x0000000003a34b70]

GC Heap History (10 events):
Event: 23.923 GC heap before
{Heap before GC invocations=4 (full 1):
 PSYoungGen      total 76288K, used 10745K [0x00000000f5580000, 0x00000000faa80000, 0x0000000100000000)
  eden space 65536K, 0% used [0x00000000f5580000,0x00000000f5580000,0x00000000f9580000)
  from space 10752K, 99% used [0x00000000f9580000,0x00000000f9ffe480,0x00000000fa000000)
  to   space 10752K, 0% used [0x00000000fa000000,0x00000000fa000000,0x00000000faa80000)
 ParOldGen       total 175104K, used 247K [0x00000000e0000000, 0x00000000eab00000, 0x00000000f5580000)
  object space 175104K, 0% used [0x00000000e0000000,0x00000000e003dfc8,0x00000000eab00000)
 Metaspace       used 20741K, capacity 21148K, committed 21248K, reserved 1067008K
  class space    used 2931K, capacity 3072K, committed 3072K, reserved 1048576K
Event: 24.146 GC heap after
Heap after GC invocations=4 (full 1):
 PSYoungGen      total 76288K, used 0K [0x00000000f5580000, 0x00000000faa80000, 0x0000000100000000)
  eden space 65536K, 0% used [0x00000000f5580000,0x00000000f5580000,0x00000000f9580000)
  from space 10752K, 0% used [0x00000000f9580000,0x00000000f9580000,0x00000000fa000000)
  to   space 10752K, 0% used [0x00000000fa000000,0x00000000fa000000,0x00000000faa80000)
 ParOldGen       total 175104K, used 10681K [0x00000000e0000000, 0x00000000eab00000, 0x00000000f5580000)
  object space 175104K, 6% used [0x00000000e0000000,0x00000000e0a6e708,0x00000000eab00000)
 Metaspace       used 20741K, capacity 21148K, committed 21248K, reserved 1067008K
  class space    used 2931K, capacity 3072K, committed 3072K, reserved 1048576K
}
Event: 30.499 GC heap before
{Heap before GC invocations=5 (full 1):
 PSYoungGen      total 76288K, used 65536K [0x00000000f5580000, 0x00000000faa80000, 0x0000000100000000)
  eden space 65536K, 100% used [0x00000000f5580000,0x00000000f9580000,0x00000000f9580000)
  from space 10752K, 0% used [0x00000000f9580000,0x00000000f9580000,0x00000000fa000000)
  to   space 10752K, 0% used [0x00000000fa000000,0x00000000fa000000,0x00000000faa80000)
 ParOldGen       total 175104K, used 10681K [0x00000000e0000000, 0x00000000eab00000, 0x00000000f5580000)
  object space 175104K, 6% used [0x00000000e0000000,0x00000000e0a6e708,0x00000000eab00000)
 Metaspace       used 28953K, capacity 29458K, committed 29568K, reserved 1075200K
  class space    used 3796K, capacity 3959K, committed 3968K, reserved 1048576K
Event: 30.515 GC heap after
Heap after GC invocations=5 (full 1):
 PSYoungGen      total 76288K, used 8737K [0x00000000f5580000, 0x00000000fb800000, 0x0000000100000000)
  eden space 65536K, 0% used [0x00000000f5580000,0x00000000f5580000,0x00000000f9580000)
  from space 10752K, 81% used [0x00000000fa000000,0x00000000fa8887d0,0x00000000faa80000)
  to   space 10752K, 0% used [0x00000000f9580000,0x00000000f9580000,0x00000000fa000000)
 ParOldGen       total 175104K, used 10689K [0x00000000e0000000, 0x00000000eab00000, 0x00000000f5580000)
  object space 175104K, 6% used [0x00000000e0000000,0x00000000e0a70708,0x00000000eab00000)
 Metaspace       used 28953K, capacity 29458K, committed 29568K, reserved 1075200K
  class space    used 3796K, capacity 3959K, committed 3968K, reserved 1048576K
}
Event: 36.504 GC heap before
{Heap before GC invocations=6 (full 1):
 PSYoungGen      total 76288K, used 74273K [0x00000000f5580000, 0x00000000fb800000, 0x0000000100000000)
  eden space 65536K, 100% used [0x00000000f5580000,0x00000000f9580000,0x00000000f9580000)
  from space 10752K, 81% used [0x00000000fa000000,0x00000000fa8887d0,0x00000000faa80000)
  to   space 10752K, 0% used [0x00000000f9580000,0x00000000f9580000,0x00000000fa000000)
 ParOldGen       total 175104K, used 10689K [0x00000000e0000000, 0x00000000eab00000, 0x00000000f5580000)
  object space 175104K, 6% used [0x00000000e0000000,0x00000000e0a70708,0x00000000eab00000)
 Metaspace       used 32499K, capacity 33006K, committed 33280K, reserved 1077248K
  class space    used 4397K, capacity 4567K, committed 4608K, reserved 1048576K
Event: 36.520 GC heap after
Heap after GC invocations=6 (full 1):
 PSYoungGen      total 76288K, used 10493K [0x00000000f5580000, 0x00000000fbc00000, 0x0000000100000000)
  eden space 65536K, 0% used [0x00000000f5580000,0x00000000f5580000,0x00000000f9580000)
  from space 10752K, 97% used [0x00000000f9580000,0x00000000f9fbf780,0x00000000fa000000)
  to   space 12800K, 0% used [0x00000000faf80000,0x00000000faf80000,0x00000000fbc00000)
 ParOldGen       total 175104K, used 10697K [0x00000000e0000000, 0x00000000eab00000, 0x00000000f5580000)
  object space 175104K, 6% used [0x00000000e0000000,0x00000000e0a72708,0x00000000eab00000)
 Metaspace       used 32499K, capacity 33006K, committed 33280K, reserved 1077248K
  class space    used 4397K, capacity 4567K, committed 4608K, reserved 1048576K
}
Event: 38.096 GC heap before
{Heap before GC invocations=7 (full 1):
 PSYoungGen      total 76288K, used 57897K [0x00000000f5580000, 0x00000000fbc00000, 0x0000000100000000)
  eden space 65536K, 72% used [0x00000000f5580000,0x00000000f83cad88,0x00000000f9580000)
  from space 10752K, 97% used [0x00000000f9580000,0x00000000f9fbf780,0x00000000fa000000)
  to   space 12800K, 0% used [0x00000000faf80000,0x00000000faf80000,0x00000000fbc00000)
 ParOldGen       total 175104K, used 10697K [0x00000000e0000000, 0x00000000eab00000, 0x00000000f5580000)
  object space 175104K, 6% used [0x00000000e0000000,0x00000000e0a72708,0x00000000eab00000)
 Metaspace       used 34686K, capacity 35278K, committed 35416K, reserved 1079296K
  class space    used 4758K, capacity 4983K, committed 4992K, reserved 1048576K
Event: 38.136 GC heap after
Heap after GC invocations=7 (full 1):
 PSYoungGen      total 78336K, used 10533K [0x00000000f5580000, 0x00000000fbc00000, 0x0000000100000000)
  eden space 65536K, 0% used [0x00000000f5580000,0x00000000f5580000,0x00000000f9580000)
  from space 12800K, 82% used [0x00000000faf80000,0x00000000fb9c9620,0x00000000fbc00000)
  to   space 10752K, 0% used [0x00000000f9580000,0x00000000f9580000,0x00000000fa000000)
 ParOldGen       total 175104K, used 10705K [0x00000000e0000000, 0x00000000eab00000, 0x00000000f5580000)
  object space 175104K, 6% used [0x00000000e0000000,0x00000000e0a74708,0x00000000eab00000)
 Metaspace       used 34686K, capacity 35278K, committed 35416K, reserved 1079296K
  class space    used 4758K, capacity 4983K, committed 4992K, reserved 1048576K
}
Event: 38.136 GC heap before
{Heap before GC invocations=8 (full 2):
 PSYoungGen      total 78336K, used 10533K [0x00000000f5580000, 0x00000000fbc00000, 0x0000000100000000)
  eden space 65536K, 0% used [0x00000000f5580000,0x00000000f5580000,0x00000000f9580000)
  from space 12800K, 82% used [0x00000000faf80000,0x00000000fb9c9620,0x00000000fbc00000)
  to   space 10752K, 0% used [0x00000000f9580000,0x00000000f9580000,0x00000000fa000000)
 ParOldGen       total 175104K, used 10705K [0x00000000e0000000, 0x00000000eab00000, 0x00000000f5580000)
  object space 175104K, 6% used [0x00000000e0000000,0x00000000e0a74708,0x00000000eab00000)
 Metaspace       used 34686K, capacity 35278K, committed 35416K, reserved 1079296K
  class space    used 4758K, capacity 4983K, committed 4992K, reserved 1048576K
Event: 38.231 GC heap after
Heap after GC invocations=8 (full 2):
 PSYoungGen      total 78336K, used 0K [0x00000000f5580000, 0x00000000fbc00000, 0x0000000100000000)
  eden space 65536K, 0% used [0x00000000f5580000,0x00000000f5580000,0x00000000f9580000)
  from space 12800K, 0% used [0x00000000faf80000,0x00000000faf80000,0x00000000fbc00000)
  to   space 10752K, 0% used [0x00000000f9580000,0x00000000f9580000,0x00000000fa000000)
 ParOldGen       total 175104K, used 17238K [0x00000000e0000000, 0x00000000eab00000, 0x00000000f5580000)
  object space 175104K, 9% used [0x00000000e0000000,0x00000000e10d5a30,0x00000000eab00000)
 Metaspace       used 34682K, capacity 35272K, committed 35416K, reserved 1079296K
  class space    used 4757K, capacity 4981K, committed 4992K, reserved 1048576K
}

Deoptimization events (10 events):
Event: 30.338 Thread 0x0000000016fd8000 Uncommon trap: reason=class_check action=maybe_recompile pc=0x00000000032864f0 method=sun.misc.URLClassPath.getLoader(I)Lsun/misc/URLClassPath$Loader; @ 239
Event: 30.520 Thread 0x0000000002e61800 Uncommon trap: reason=unstable_if action=reinterpret pc=0x000000000319ef7c method=java.lang.ref.Reference.tryHandlePending(Z)Z @ 104
Event: 34.561 Thread 0x0000000016fd8000 Uncommon trap: reason=unstable_if action=reinterpret pc=0x00000000030896e0 method=java.util.HashMap.hash(Ljava/lang/Object;)I @ 1
Event: 34.579 Thread 0x0000000016fd8000 Uncommon trap: reason=unstable_if action=reinterpret pc=0x00000000035fb5e8 method=java.util.HashMap.hash(Ljava/lang/Object;)I @ 1
Event: 34.735 Thread 0x0000000016fd8000 Uncommon trap: reason=unstable_if action=reinterpret pc=0x000000000326c0b8 method=java.util.HashMap.getNode(ILjava/lang/Object;)Ljava/util/HashMap$Node; @ 53
Event: 34.735 Thread 0x0000000016fd8000 Uncommon trap: reason=unstable_if action=reinterpret pc=0x00000000033c9f94 method=java.util.HashMap.hash(Ljava/lang/Object;)I @ 1
Event: 34.735 Thread 0x0000000016fd8000 Uncommon trap: reason=unstable_if action=reinterpret pc=0x00000000033c6170 method=java.util.HashMap.putVal(ILjava/lang/Object;Ljava/lang/Object;ZZ)Ljava/lang/Object; @ 85
Event: 36.197 Thread 0x0000000016fd8000 Uncommon trap: reason=unstable_if action=reinterpret pc=0x000000000322ec0c method=java.io.WinNTFileSystem.resolve(Ljava/lang/String;Ljava/lang/String;)Ljava/lang/String; @ 49
Event: 37.657 Thread 0x0000000016fd8000 Uncommon trap: reason=unstable_if action=reinterpret pc=0x00000000031ebda0 method=java.net.URI.match(CJJ)Z @ 45
Event: 37.846 Thread 0x0000000016fd8000 Uncommon trap: reason=range_check action=make_not_entrant pc=0x00000000039ac878 method=java.lang.String.charAt(I)C @ 27

Classes redefined (0 events):
No events

Internal exceptions (10 events):
Event: 36.393 Thread 0x0000000016fd8000 Exception <a 'java/lang/ClassNotFoundException': org/gradle/api/internal/artifacts/dsl/DefaultRepositoryHandlerCustomizer> (0x00000000f9248d10) thrown at [C:\re\workspace\8-2-build-windows-amd64-cygwin\jdk8u211\12973\hotspot\src\share\vm\classfile\systemD
Event: 36.396 Thread 0x0000000016fd8000 Exception <a 'java/lang/ClassNotFoundException': org/gradle/api/internal/artifacts/dsl/DefaultRepositoryHandler_DecoratedCustomizer> (0x00000000f92bd488) thrown at [C:\re\workspace\8-2-build-windows-amd64-cygwin\jdk8u211\12973\hotspot\src\share\vm\classfi
Event: 37.628 Thread 0x0000000016fd8000 Exception <a 'java/lang/ClassNotFoundException': org/gradle/api/internal/artifacts/dsl/dependencies/DefaultDependencyHandler_DecoratedBeanInfo> (0x00000000f788c130) thrown at [C:\re\workspace\8-2-build-windows-amd64-cygwin\jdk8u211\12973\hotspot\src\share
Event: 37.629 Thread 0x0000000016fd8000 Exception <a 'java/lang/ClassNotFoundException': org/gradle/api/internal/artifacts/dsl/dependencies/DefaultDependencyHandlerBeanInfo> (0x00000000f78dcd18) thrown at [C:\re\workspace\8-2-build-windows-amd64-cygwin\jdk8u211\12973\hotspot\src\share\vm\classf
Event: 37.631 Thread 0x0000000016fd8000 Exception <a 'java/lang/ClassNotFoundException': org/gradle/api/internal/artifacts/dsl/dependencies/DefaultDependencyHandlerCustomizer> (0x00000000f792e4a8) thrown at [C:\re\workspace\8-2-build-windows-amd64-cygwin\jdk8u211\12973\hotspot\src\share\vm\clas
Event: 37.634 Thread 0x0000000016fd8000 Exception <a 'java/lang/ClassNotFoundException': org/gradle/api/internal/artifacts/dsl/dependencies/DefaultDependencyHandler_DecoratedCustomizer> (0x00000000f79b24b0) thrown at [C:\re\workspace\8-2-build-windows-amd64-cygwin\jdk8u211\12973\hotspot\src\sha
Event: 39.197 Thread 0x0000000016fd8000 Exception <a 'java/lang/IncompatibleClassChangeError': Found class java.lang.Object, but interface was expected> (0x00000000f60cc970) thrown at [C:\re\workspace\8-2-build-windows-amd64-cygwin\jdk8u211\12973\hotspot\src\share\vm\interpreter\linkResolver.cp
Event: 39.203 Thread 0x0000000016fd8000 Exception <a 'java/lang/NoSuchMethodError': java.lang.Object.lambda$comparing$77a9974f$1(Ljava/util/function/Function;Ljava/lang/Object;Ljava/lang/Object;)I> (0x00000000f60d8e70) thrown at [C:\re\workspace\8-2-build-windows-amd64-cygwin\jdk8u211\12973\hot
Event: 39.212 Thread 0x0000000016fd8000 Exception <a 'java/lang/NoSuchMethodError': java.lang.Object.lambda$thenComparing$36697e65$1(Ljava/util/Comparator;Ljava/lang/Object;Ljava/lang/Object;)I> (0x00000000f60ed088) thrown at [C:\re\workspace\8-2-build-windows-amd64-cygwin\jdk8u211\12973\hotspo
Event: 39.223 Thread 0x0000000016fd8000 Exception <a 'java/lang/NoSuchMethodError': java.lang.Object.lambda$comparing$ea9a8b3a$1(Ljava/util/Comparator;Ljava/util/function/Function;Ljava/lang/Object;Ljava/lang/Object;)I> (0x00000000f6109898) thrown at [C:\re\workspace\8-2-build-windows-amd64-cyg

Events (10 events):
Event: 40.116 loading class org/gradle/api/internal/artifacts/ivyservice/resolveengine/excludes/factories/OptimizingExcludeFactory
Event: 40.116 loading class org/gradle/api/internal/artifacts/ivyservice/resolveengine/excludes/factories/OptimizingExcludeFactory done
Event: 40.117 loading class org/gradle/api/internal/artifacts/ivyservice/resolveengine/excludes/factories/Optimizations
Event: 40.117 loading class org/gradle/api/internal/artifacts/ivyservice/resolveengine/excludes/factories/Optimizations done
Event: 40.119 loading class org/gradle/internal/component/external/model/ConfigurationBoundExternalDependencyMetadata
Event: 40.119 loading class org/gradle/internal/component/external/model/ConfigurationBoundExternalDependencyMetadata done
Event: 40.329 loading class org/gradle/internal/component/external/descriptor/DefaultExclude
Event: 40.329 loading class org/gradle/internal/component/external/descriptor/DefaultExclude done
Event: 40.330 loading class org/gradle/internal/component/model/Exclude
Event: 40.330 loading class org/gradle/internal/component/model/Exclude done


Dynamic libraries:
0x00007ff6276b0000 - 0x00007ff6276e7000 	C:\Program Files\Java\jdk1.8.0_211\bin\java.exe
0x00007ffbb0000000 - 0x00007ffbb01f0000 	C:\WINDOWS\SYSTEM32\ntdll.dll
0x00007ffbae2c0000 - 0x00007ffbae372000 	C:\WINDOWS\System32\KERNEL32.DLL
0x00007ffbad0c0000 - 0x00007ffbad363000 	C:\WINDOWS\System32\KERNELBASE.dll
0x00007ffbaecb0000 - 0x00007ffbaed53000 	C:\WINDOWS\System32\ADVAPI32.dll
0x00007ffbaff20000 - 0x00007ffbaffbe000 	C:\WINDOWS\System32\msvcrt.dll
0x00007ffbae8d0000 - 0x00007ffbae967000 	C:\WINDOWS\System32\sechost.dll
0x00007ffbae5c0000 - 0x00007ffbae6e0000 	C:\WINDOWS\System32\RPCRT4.dll
0x00007ffbaee80000 - 0x00007ffbaf014000 	C:\WINDOWS\System32\USER32.dll
0x00007ffbad040000 - 0x00007ffbad061000 	C:\WINDOWS\System32\win32u.dll
0x00007ffbae970000 - 0x00007ffbae996000 	C:\WINDOWS\System32\GDI32.dll
0x00007ffbad690000 - 0x00007ffbad824000 	C:\WINDOWS\System32\gdi32full.dll
0x00007ffbad3c0000 - 0x00007ffbad45e000 	C:\WINDOWS\System32\msvcp_win.dll
0x00007ffbad830000 - 0x00007ffbad92a000 	C:\WINDOWS\System32\ucrtbase.dll
0x00007ffb9a780000 - 0x00007ffb9aa05000 	C:\WINDOWS\WinSxS\amd64_microsoft.windows.common-controls_6595b64144ccf1df_6.0.18362.720_none_e6beb5c51314836b\COMCTL32.dll
0x00007ffbaf490000 - 0x00007ffbaf7c6000 	C:\WINDOWS\System32\combase.dll
0x00007ffbad460000 - 0x00007ffbad4e0000 	C:\WINDOWS\System32\bcryptPrimitives.dll
0x00007ffbaea70000 - 0x00007ffbaea9e000 	C:\WINDOWS\System32\IMM32.DLL
0x0000000055500000 - 0x00000000555d2000 	C:\Program Files\Java\jdk1.8.0_211\jre\bin\msvcr100.dll
0x0000000054c50000 - 0x00000000554f5000 	C:\Program Files\Java\jdk1.8.0_211\jre\bin\server\jvm.dll
0x00007ffbaee50000 - 0x00007ffbaee58000 	C:\WINDOWS\System32\PSAPI.DLL
0x00007ffb9b170000 - 0x00007ffb9b179000 	C:\WINDOWS\SYSTEM32\WSOCK32.dll
0x00007ffbaadb0000 - 0x00007ffbaadba000 	C:\WINDOWS\SYSTEM32\VERSION.dll
0x00007ffbaed60000 - 0x00007ffbaedcf000 	C:\WINDOWS\System32\WS2_32.dll
0x00007ffba8db0000 - 0x00007ffba8dd4000 	C:\WINDOWS\SYSTEM32\WINMM.dll
0x00007ffba8d80000 - 0x00007ffba8dad000 	C:\WINDOWS\SYSTEM32\winmmbase.dll
0x00007ffbad070000 - 0x00007ffbad0ba000 	C:\WINDOWS\System32\cfgmgr32.dll
0x00007ffba8e80000 - 0x00007ffba8e8f000 	C:\Program Files\Java\jdk1.8.0_211\jre\bin\verify.dll
0x00007ffba56f0000 - 0x00007ffba5719000 	C:\Program Files\Java\jdk1.8.0_211\jre\bin\java.dll
0x00007ffba8b60000 - 0x00007ffba8b76000 	C:\Program Files\Java\jdk1.8.0_211\jre\bin\zip.dll
0x00007ffbaf7d0000 - 0x00007ffbafeb5000 	C:\WINDOWS\System32\SHELL32.dll
0x00007ffbae0b0000 - 0x00007ffbae159000 	C:\WINDOWS\System32\shcore.dll
0x00007ffbad930000 - 0x00007ffbae0b0000 	C:\WINDOWS\System32\windows.storage.dll
0x00007ffbacf10000 - 0x00007ffbacf33000 	C:\WINDOWS\System32\profapi.dll
0x00007ffbacf40000 - 0x00007ffbacf8a000 	C:\WINDOWS\System32\powrprof.dll
0x00007ffbacec0000 - 0x00007ffbaced0000 	C:\WINDOWS\System32\UMPDC.dll
0x00007ffbafec0000 - 0x00007ffbaff12000 	C:\WINDOWS\System32\shlwapi.dll
0x00007ffbacef0000 - 0x00007ffbacf01000 	C:\WINDOWS\System32\kernel.appcore.dll
0x00007ffbad370000 - 0x00007ffbad387000 	C:\WINDOWS\System32\cryptsp.dll
0x00007ffb9eda0000 - 0x00007ffb9edba000 	C:\Program Files\Java\jdk1.8.0_211\jre\bin\net.dll
0x00007ffb9c6c0000 - 0x00007ffb9c895000 	C:\WINDOWS\SYSTEM32\urlmon.dll
0x00007ffb9c9c0000 - 0x00007ffb9cc66000 	C:\WINDOWS\SYSTEM32\iertutil.dll
0x00007ffbac900000 - 0x00007ffbac90c000 	C:\WINDOWS\SYSTEM32\CRYPTBASE.DLL
0x00007ffbac730000 - 0x00007ffbac797000 	C:\WINDOWS\system32\mswsock.dll
0x00007ffb9ed80000 - 0x00007ffb9ed92000 	C:\Program Files\Java\jdk1.8.0_211\jre\bin\nio.dll
0x00007ffb9cee0000 - 0x00007ffb9cf06000 	C:\Users\joann\.gradle\native\29\windows-amd64\native-platform.dll
0x00007ffb9ed20000 - 0x00007ffb9ed2d000 	C:\Program Files\Java\jdk1.8.0_211\jre\bin\management.dll
0x00007ffbac2a0000 - 0x00007ffbac2d3000 	C:\WINDOWS\system32\rsaenh.dll
0x00007ffbad390000 - 0x00007ffbad3b6000 	C:\WINDOWS\System32\bcrypt.dll
0x00007ffbacdb0000 - 0x00007ffbacdd5000 	C:\WINDOWS\SYSTEM32\USERENV.dll
0x00007ffbac440000 - 0x00007ffbac47a000 	C:\WINDOWS\SYSTEM32\IPHLPAPI.DLL
0x00007ffbae8c0000 - 0x00007ffbae8c8000 	C:\WINDOWS\System32\NSI.dll
0x00007ffba0950000 - 0x00007ffba0966000 	C:\WINDOWS\SYSTEM32\dhcpcsvc6.DLL
0x00007ffba0a90000 - 0x00007ffba0aac000 	C:\WINDOWS\SYSTEM32\dhcpcsvc.DLL
0x00007ffbac480000 - 0x00007ffbac54a000 	C:\WINDOWS\SYSTEM32\DNSAPI.dll

VM Arguments:
jvm_args: -XX:MaxMetaspaceSize=256m -XX:+HeapDumpOnOutOfMemoryError -Xms256m -Xmx512m -Dfile.encoding=windows-1252 -Duser.country=HN -Duser.language=es -Duser.variant 
java_command: org.gradle.launcher.daemon.bootstrap.GradleDaemon 5.5
java_class_path (initial): C:\Users\joann\.gradle\wrapper\dists\gradle-5.5-all\byeise1led9a3w3p149d02kfj\gradle-5.5\lib\gradle-launcher-5.5.jar
Launcher Type: SUN_STANDARD

Environment Variables:
JAVA_HOME=C:\Program Files\Java\jdk1.8.0_211
CLASSPATH=C:\Users\joann\maythesalesmobile\android\\gradle\wrapper\gradle-wrapper.jar
PATH=C:\Python27\;C:\Python27\Scripts;C:\Program Files (x86)\Common Files\Oracle\Java\javapath;C:\Program Files (x86)\Intel\iCLS Client\;C:\Program Files\Intel\iCLS Client\;C:\WINDOWS\system32;C:\WINDOWS;C:\WINDOWS\System32\Wbem;C:\WINDOWS\System32\WindowsPowerShell\v1.0\;C:\Program Files (x86)\Intel\Intel(R) Management Engine Components\DAL;C:\Program Files\Intel\Intel(R) Management Engine Components\DAL;C:\Program Files (x86)\Intel\Intel(R) Management Engine Components\IPT;C:\Program Files\Intel\Intel(R) Management Engine Components\IPT;C:\WINDOWS\System32\OpenSSH\;C:\Program Files\dotnet\;C:\Program Files\Git\cmd;C:\ProgramData\chocolatey\bin;C:\Program Files\nodejs\;C:\Users\joann\AppData\Roaming\npm;C:\Users\joann\AppData\Local\Android\Sdk;C:\Program Files\Java\jdk1.8.0_211;C:\Users\joann\AppData\Local\Android\Sdk\platform-tools;C:\Program Files\Java\jdk1.8.0_211\bin;C:\Users\joann\AppData\Local\Microsoft\WindowsApps;C:\Users\joann\AppData\Local\Programs\Microsoft VS Code\bin;C:\Users\joann\AppData\Local\hyper\app-3.0.2\resources\bin;C:\Users\joann\AppData\Local\atom\bin;C:\Users\joann\AppData\Local\GitHubDesktop\bin;C:\Users\joann\AppData\Local\Microsoft\WindowsApps;C:\Users\joann\AppData\Roaming\npm
USERNAME=joann
OS=Windows_NT
PROCESSOR_IDENTIFIER=Intel64 Family 6 Model 78 Stepping 3, GenuineIntel



---------------  S Y S T E M  ---------------

OS: Windows 10.0 , 64 bit Build 18362 (10.0.18362.329)

CPU:total 4 (initial active 4) (2 cores per cpu, 2 threads per core) family 6 model 78 stepping 3, cmov, cx8, fxsr, mmx, sse, sse2, sse3, ssse3, sse4.1, sse4.2, popcnt, avx, avx2, aes, clmul, erms, 3dnowpref, lzcnt, ht, tsc, tscinvbit, bmi1, bmi2, adx

Memory: 4k page, physical 8270988k(1070280k free), swap 8475788k(5868k free)

vm_info: Java HotSpot(TM) 64-Bit Server VM (25.211-b12) for windows-amd64 JRE (1.8.0_211-b12), built on Apr  1 2019 20:53:26 by "java_re" with MS VC++ 10.0 (VS2010)

time: Tue Mar 17 14:41:32 2020
timezone: Hora estándar, América Central
elapsed time: 40 seconds (0d 0h 0m 40s)

