#
# There is insufficient memory for the Java Runtime Environment to continue.
# Native memory allocation (mmap) failed to map 67108864 bytes for Failed to commit area from 0x00000000fc000000 to 0x0000000100000000 of length 67108864.
# Possible reasons:
#   The system is out of physical RAM or swap space
#   The process is running with CompressedOops enabled, and the Java Heap may be blocking the growth of the native heap
# Possible solutions:
#   Reduce memory load on the system
#   Increase physical memory or swap space
#   Check if swap backing store is full
#   Decrease Java heap size (-Xmx/-Xms)
#   Decrease number of Java threads
#   Decrease Java thread stack sizes (-Xss)
#   Set larger code cache with -XX:ReservedCodeCacheSize=
# This output file may be truncated or incomplete.
#
#  Out of Memory Error (t:/workspace/open/src/hotspot/os/windows/os_windows.cpp:3269), pid=10688, tid=11768
#
# JRE version:  (11.0.2+9) (build )
# Java VM: OpenJDK 64-Bit Server VM (11.0.2+9, mixed mode, aot, sharing, tiered, compressed oops, g1 gc, windows-amd64)
# No core dump will be written. Minidumps are not enabled by default on client versions of Windows
#

---------------  S U M M A R Y ------------

Command Line: -Xmx64m -Xms64m -Dorg.gradle.appname=gradlew org.gradle.wrapper.GradleWrapperMain app:installDebug -PreactNativeDevServerPort=8081

Host: Intel(R) Core(TM) i3-6006U CPU @ 2.00GHz, 4 cores, 6G,  Windows 10 , 64 bit Build 18362 (10.0.18362.778)
Time: Sat May 30 19:31:59 2020 Hora estándar, América Central elapsed time: 0 seconds (0d 0h 0m 0s)

---------------  T H R E A D  ---------------

Current thread (0x000001a5c0a06000):  JavaThread "Unknown thread" [_thread_in_vm, id=11768, stack(0x0000003c19900000,0x0000003c19a00000)]

Stack: [0x0000003c19900000,0x0000003c19a00000]
Native frames: (J=compiled Java code, j=interpreted, Vv=VM code, C=native code)
V  [jvm.dll+0x63489a]
V  [jvm.dll+0x771f9f]
V  [jvm.dll+0x773648]
V  [jvm.dll+0x773d03]
V  [jvm.dll+0x25eba8]
V  [jvm.dll+0x631d3a]
V  [jvm.dll+0x626775]
V  [jvm.dll+0x313ffc]
V  [jvm.dll+0x313e82]
V  [jvm.dll+0x3196e6]
V  [jvm.dll+0x36579f]
V  [jvm.dll+0x3651c0]
V  [jvm.dll+0x2f0ff8]
V  [jvm.dll+0x2f2156]
V  [jvm.dll+0x74b4f7]
V  [jvm.dll+0x74cc3f]
V  [jvm.dll+0x372609]
V  [jvm.dll+0x731b69]
V  [jvm.dll+0x3e1bad]
V  [jvm.dll+0x3e3e81]
C  [java.exe+0x3607]
C  [java.exe+0x1746c]
C  [KERNEL32.DLL+0x17bd4]
C  [ntdll.dll+0x6ce51]


---------------  P R O C E S S  ---------------

Threads class SMR info:
_java_thread_list=0x000001a5bf0970a0, length=0, elements={
}

Java Threads: ( => current thread )

Other Threads:
  0x000001a5c0a1e000 GCTaskThread "GC Thread#0" [stack: 0x0000003c19a00000,0x0000003c19b00000] [id=9780]
  0x000001a5c0a26000 ConcurrentGCThread "G1 Main Marker" [stack: 0x0000003c19b00000,0x0000003c19c00000] [id=1200]
  0x000001a5c0a27800 ConcurrentGCThread "G1 Conc#0" [stack: 0x0000003c19c00000,0x0000003c19d00000] [id=6224]

[error occurred during error reporting (printing all threads), id 0xc0000005, EXCEPTION_ACCESS_VIOLATION (0xc0000005) at pc=0x00007ff939e5f5b7]

VM state:not at safepoint (not fully initialized)

VM Mutex/Monitor currently owned by a thread:  ([mutex/lock_event])
[0x000001a5c0a056f0] Heap_lock - owner thread: 0x000001a5c0a06000

Heap address: 0x00000000fc000000, size: 64 MB, Compressed Oops mode: Non-zero based: 0x00000000fc000000
Narrow klass base: 0x0000000000000000, Narrow klass shift: 0

GC Heap History (0 events):
No events

Deoptimization events (0 events):
No events

Classes redefined (0 events):
No events

Internal exceptions (0 events):
No events

Events (0 events):
No events


Dynamic libraries:
0x00007ff796490000 - 0x00007ff7964d5000 	C:\Users\joann\AppData\Local\jdk-11.0.2\bin\java.exe
0x00007ff96f920000 - 0x00007ff96fb10000 	C:\WINDOWS\SYSTEM32\ntdll.dll
0x00007ff96e660000 - 0x00007ff96e712000 	C:\WINDOWS\System32\KERNEL32.DLL
0x00007ff96d4d0000 - 0x00007ff96d774000 	C:\WINDOWS\System32\KERNELBASE.dll
0x00007ff96e4c0000 - 0x00007ff96e654000 	C:\WINDOWS\System32\USER32.dll
0x00007ff96d830000 - 0x00007ff96d851000 	C:\WINDOWS\System32\win32u.dll
0x00007ff96f8b0000 - 0x00007ff96f8d6000 	C:\WINDOWS\System32\GDI32.dll
0x00007ff96ca90000 - 0x00007ff96cc24000 	C:\WINDOWS\System32\gdi32full.dll
0x00007ff96d860000 - 0x00007ff96d8fe000 	C:\WINDOWS\System32\msvcp_win.dll
0x00007ff96d3d0000 - 0x00007ff96d4ca000 	C:\WINDOWS\System32\ucrtbase.dll
0x00007ff957cb0000 - 0x00007ff957f34000 	C:\WINDOWS\WinSxS\amd64_microsoft.windows.common-controls_6595b64144ccf1df_6.0.18362.836_none_e6c4b943130f18ed\COMCTL32.dll
0x00007ff96f530000 - 0x00007ff96f5ce000 	C:\WINDOWS\System32\msvcrt.dll
0x00007ff96ea20000 - 0x00007ff96ed56000 	C:\WINDOWS\System32\combase.dll
0x00007ff96e900000 - 0x00007ff96ea20000 	C:\WINDOWS\System32\RPCRT4.dll
0x00007ff96d900000 - 0x00007ff96d980000 	C:\WINDOWS\System32\bcryptPrimitives.dll
0x00007ff96f710000 - 0x00007ff96f73e000 	C:\WINDOWS\System32\IMM32.DLL
0x00007ff94a090000 - 0x00007ff94a0a6000 	C:\Users\joann\AppData\Local\jdk-11.0.2\bin\vcruntime140.dll
0x00007ff93cad0000 - 0x00007ff93cb7a000 	C:\Users\joann\AppData\Local\jdk-11.0.2\bin\msvcp140.dll
0x00007ff939b60000 - 0x00007ff93a683000 	C:\Users\joann\AppData\Local\jdk-11.0.2\bin\server\jvm.dll
0x00007ff96f740000 - 0x00007ff96f7e3000 	C:\WINDOWS\System32\ADVAPI32.dll
0x00007ff96e7f0000 - 0x00007ff96e887000 	C:\WINDOWS\System32\sechost.dll
0x00007ff96ed60000 - 0x00007ff96ed68000 	C:\WINDOWS\System32\PSAPI.DLL
0x00007ff9594e0000 - 0x00007ff9594e9000 	C:\WINDOWS\SYSTEM32\WSOCK32.dll
0x00007ff9698c0000 - 0x00007ff9698e4000 	C:\WINDOWS\SYSTEM32\WINMM.dll
0x00007ff96e890000 - 0x00007ff96e8ff000 	C:\WINDOWS\System32\WS2_32.dll
0x00007ff964fd0000 - 0x00007ff964fda000 	C:\WINDOWS\SYSTEM32\VERSION.dll
0x00007ff969890000 - 0x00007ff9698bd000 	C:\WINDOWS\SYSTEM32\WINMMBASE.dll
0x00007ff96d980000 - 0x00007ff96d9ca000 	C:\WINDOWS\System32\cfgmgr32.dll
0x00007ff96c870000 - 0x00007ff96c881000 	C:\WINDOWS\System32\kernel.appcore.dll
0x00007ff94a070000 - 0x00007ff94a081000 	C:\Users\joann\AppData\Local\jdk-11.0.2\bin\verify.dll
0x00007ff9686e0000 - 0x00007ff9688d4000 	C:\WINDOWS\SYSTEM32\DBGHELP.DLL
0x00007ff959650000 - 0x00007ff95967a000 	C:\WINDOWS\SYSTEM32\dbgcore.DLL
0x00007ff94a040000 - 0x00007ff94a068000 	C:\Users\joann\AppData\Local\jdk-11.0.2\bin\java.dll
0x00007ff949f50000 - 0x00007ff949f66000 	C:\Users\joann\AppData\Local\jdk-11.0.2\bin\zip.dll
0x00007ff966300000 - 0x00007ff96630a000 	C:\Users\joann\AppData\Local\jdk-11.0.2\bin\jimage.dll

dbghelp: loaded successfully - version: 4.0.5 - missing functions: none
symbol engine: initialized successfully - sym options: 0x614 - pdb path: .;C:\Users\joann\AppData\Local\jdk-11.0.2\bin;C:\WINDOWS\SYSTEM32;C:\WINDOWS\WinSxS\amd64_microsoft.windows.common-controls_6595b64144ccf1df_6.0.18362.836_none_e6c4b943130f18ed;C:\Users\joann\AppData\Local\jdk-11.0.2\bin\server

VM Arguments:
jvm_args: -Xmx64m -Xms64m -Dorg.gradle.appname=gradlew 
java_command: org.gradle.wrapper.GradleWrapperMain app:installDebug -PreactNativeDevServerPort=8081
java_class_path (initial): C:\Users\joann\maythesalesmobile\android\\gradle\wrapper\gradle-wrapper.jar
Launcher Type: SUN_STANDARD

[Global flags]
     intx CICompilerCount                          = 3                                         {product} {ergonomic}
     uint ConcGCThreads                            = 1                                         {product} {ergonomic}
     uint G1ConcRefinementThreads                  = 4                                         {product} {ergonomic}
   size_t G1HeapRegionSize                         = 1048576                                   {product} {ergonomic}
    uintx GCDrainStackTargetSize                   = 64                                        {product} {ergonomic}
   size_t InitialHeapSize                          = 67108864                                  {product} {command line}
   size_t MarkStackSize                            = 4194304                                   {product} {ergonomic}
   size_t MaxHeapSize                              = 67108864                                  {product} {command line}
   size_t MinHeapDeltaBytes                        = 1048576                                   {product} {ergonomic}
    uintx NonNMethodCodeHeapSize                   = 5830092                                {pd product} {ergonomic}
    uintx NonProfiledCodeHeapSize                  = 122914074                              {pd product} {ergonomic}
    uintx ProfiledCodeHeapSize                     = 122914074                              {pd product} {ergonomic}
    uintx ReservedCodeCacheSize                    = 251658240                              {pd product} {ergonomic}
     bool SegmentedCodeCache                       = true                                      {product} {ergonomic}
     bool UseCompressedClassPointers               = true                                 {lp64_product} {ergonomic}
     bool UseCompressedOops                        = true                                 {lp64_product} {ergonomic}
     bool UseG1GC                                  = true                                      {product} {ergonomic}
     bool UseLargePagesIndividualAllocation        = false                                  {pd product} {ergonomic}

Logging:
Log output configuration:
 #0: stdout all=warning uptime,level,tags
 #1: stderr all=off uptime,level,tags

Environment Variables:
JAVA_HOME=C:\Users\joann\AppData\Local\jdk-11.0.2
CLASSPATH=C:\Users\joann\maythesalesmobile\android\\gradle\wrapper\gradle-wrapper.jar
PATH=C:\Users\joann\maythesalesmobile\node_modules\.bin;C:\Program Files\Amazon Corretto\jdk11.0.7_10\bin;C:\Program Files\Amazon Corretto\jdk1.8.0_252\bin;C:\Program Files (x86)\Common Files\Oracle\Java\javapath;C:\Program Files (x86)\Intel\iCLS Client\;C:\Program Files\Intel\iCLS Client\;C:\WINDOWS\system32;C:\WINDOWS;C:\WINDOWS\System32\Wbem;C:\WINDOWS\System32\WindowsPowerShell\v1.0\;C:\Program Files (x86)\Intel\Intel(R) Management Engine Components\DAL;C:\Program Files\Intel\Intel(R) Management Engine Components\DAL;C:\Program Files (x86)\Intel\Intel(R) Management Engine Components\IPT;C:\Program Files\Intel\Intel(R) Management Engine Components\IPT;C:\WINDOWS\System32\OpenSSH\;C:\Program Files\dotnet\;C:\ProgramData\chocolatey\bin;C:\Program Files\nodejs\;C:\Users\joann\AppData\Roaming\npm;C:\Users\joann\AppData\Local\Android\Sdk;C:\Program Files\Amazon Corretto\jdk11.0.7_10;C:\Users\joann\AppData\Local\Android\Sdk\platform-tools;C:\Program Files\Java\jdk1.8.0_211\bin;C:\Gradle\bin;C:\Gradle;C:\Program Files (x86)\Yarn\bin\;C:\Users\joann\AppData\Roaming\Python\Python38\Scripts;C:\Program Files\Git\cmd;C:\Users\joann\AppData\Local\jdk-11.0.2\bin;C:\Users\joann\AppData\Local\python2\scripts;C:\Users\joann\AppData\Local\python2;C:\Users\joann\AppData\Local\jdk-11.0.2\bin;C:\Users\joann\AppData\Local\python2\scripts;C:\Users\joann\AppData\Local\python2;C:\Users\joann\AppData\Local\Programs\Python\Python38\Scripts\;C:\Users\joann\AppData\Local\Programs\Python\Python38\;C:\Users\joann\AppData\Local\Microsoft\WindowsApps;C:\Users\joann\AppData\Local\Programs\Microsoft VS Code\bin;C:\Users\joann\AppData\Local\hyper\app-3.0.2\resources\bin;C:\Users\joann\AppData\Local\atom\bin;C:\Users\joann\AppData\Local\GitHubDesktop\bin;C:\Users\joann\AppData\Local\Microsoft\WindowsApps;C:\Users\joann\AppData\Local\Yarn\bin;C:\Program Files\JetBrains\IntelliJ IDEA Community Edition 2020.1\bin
USERNAME=joann
OS=Windows_NT
PROCESSOR_IDENTIFIER=Intel64 Family 6 Model 78 Stepping 3, GenuineIntel



---------------  S Y S T E M  ---------------

OS: Windows 10 , 64 bit Build 18362 (10.0.18362.778)

CPU:total 4 (initial active 4) (2 cores per cpu, 2 threads per core) family 6 model 78 stepping 3, cmov, cx8, fxsr, mmx, sse, sse2, sse3, ssse3, sse4.1, sse4.2, popcnt, avx, avx2, aes, clmul, erms, 3dnowpref, lzcnt, ht, tsc, tscinvbit, bmi1, bmi2, adx, fma

Memory: 4k page, system-wide physical 6301M (714M free)
TotalPageFile size 6501M (AvailPageFile size 63M)
current process WorkingSet (physical memory assigned to process): 9M, peak: 9M
current process commit charge ("private bytes"): 51M, peak: 115M

vm_info: OpenJDK 64-Bit Server VM (11.0.2+9) for windows-amd64 JRE (11.0.2+9), built on Jan 18 2019 05:23:22 by "mach5one" with MS VC++ 15.5 (VS2017)

END.
