#
# There is insufficient memory for the Java Runtime Environment to continue.
# Native memory allocation (malloc) failed to allocate 1801648 bytes for Chunk::new
# Possible reasons:
#   The system is out of physical RAM or swap space
#   The process is running with CompressedOops enabled, and the Java Heap may be blocking the growth of the native heap
# Possible solutions:
#   Reduce memory load on the system
#   Increase physical memory or swap space
#   Check if swap backing store is full
#   Decrease Java heap size (-Xmx/-Xms)
#   Decrease number of Java threads
#   Decrease Java thread stack sizes (-Xss)
#   Set larger code cache with -XX:ReservedCodeCacheSize=
#   JVM is running with Unscaled Compressed Oops mode in which the Java heap is
#     placed in the first 4GB address space. The Java Heap base address is the
#     maximum limit for the native heap growth. Please use -XX:HeapBaseMinAddress
#     to set the Java Heap base and to place the Java Heap above 4GB virtual address.
# This output file may be truncated or incomplete.
#
#  Out of Memory Error (allocation.cpp:389), pid=5860, tid=0x0000000000001834
#
# JRE version: Java(TM) SE Runtime Environment (8.0_211-b12) (build 1.8.0_211-b12)
# Java VM: Java HotSpot(TM) 64-Bit Server VM (25.211-b12 mixed mode windows-amd64 compressed oops)
# Failed to write core dump. Minidumps are not enabled by default on client versions of Windows
#

---------------  T H R E A D  ---------------

Current thread (0x0000000013af1000):  JavaThread "C2 CompilerThread0" daemon [_thread_in_native, id=6196, stack(0x0000000015170000,0x0000000015270000)]

Stack: [0x0000000015170000,0x0000000015270000]
[error occurred during error reporting (printing stack bounds), id 0xc0000005]

Native frames: (J=compiled Java code, j=interpreted, Vv=VM code, C=native code)


Current CompileTask:
C2:  20013 3892   !   4       java.net.URLClassLoader$1::run (63 bytes)


---------------  P R O C E S S  ---------------

Java Threads: ( => current thread )
  0x0000000015f50800 JavaThread "Build operations Thread 4" [_thread_blocked, id=12536, stack(0x000000001f230000,0x000000001f330000)]
  0x0000000015f4d800 JavaThread "Build operations Thread 3" [_thread_blocked, id=7340, stack(0x000000001f130000,0x000000001f230000)]
  0x0000000015f4b800 JavaThread "Build operations Thread 2" [_thread_blocked, id=8644, stack(0x000000001dff0000,0x000000001e0f0000)]
  0x0000000015f4c000 JavaThread "Build operations" [_thread_blocked, id=6296, stack(0x000000001def0000,0x000000001dff0000)]
  0x0000000016fed000 JavaThread "Cache worker for execution history cache (C:\Users\joann\.gradle\caches\5.5\executionHistory)" [_thread_blocked, id=8032, stack(0x000000001dbf0000,0x000000001dcf0000)]
  0x0000000016fec000 JavaThread "Cache worker for cache directory md-rule (C:\Users\joann\.gradle\caches\5.5\md-rule)" [_thread_blocked, id=11104, stack(0x000000001c480000,0x000000001c580000)]
  0x0000000016ff3000 JavaThread "Cache worker for cache directory md-supplier (C:\Users\joann\.gradle\caches\5.5\md-supplier)" [_thread_blocked, id=11348, stack(0x000000001c060000,0x000000001c160000)]
  0x0000000016ff2000 JavaThread "Cache worker for file hash cache (C:\Users\joann\maythesalesmobile\android\.gradle\5.5\fileHashes)" [_thread_blocked, id=120, stack(0x000000001c180000,0x000000001c280000)]
  0x0000000016fee800 JavaThread "Cache worker for journal cache (C:\Users\joann\.gradle\caches\journal-1)" [_thread_blocked, id=9092, stack(0x00000000196c0000,0x00000000197c0000)]
  0x0000000016fed800 JavaThread "File lock request listener" [_thread_in_native, id=12816, stack(0x00000000195c0000,0x00000000196c0000)]
  0x0000000016ff0000 JavaThread "Cache worker for file hash cache (C:\Users\joann\.gradle\caches\5.5\fileHashes)" [_thread_blocked, id=13304, stack(0x00000000194c0000,0x00000000195c0000)]
  0x0000000016fe9800 JavaThread "Thread-9" [_thread_blocked, id=10516, stack(0x00000000183f0000,0x00000000184f0000)]
  0x0000000016fe6800 JavaThread "Stdin handler" [_thread_blocked, id=4856, stack(0x00000000182f0000,0x00000000183f0000)]
  0x0000000016fe5800 JavaThread "Asynchronous log dispatcher for DefaultDaemonConnection: socket connection from /127.0.0.1:55841 to /127.0.0.1:55842" [_thread_blocked, id=9172, stack(0x00000000181f0000,0x00000000182f0000)]
  0x000000001681d800 JavaThread "Daemon worker" [_thread_in_native, id=1220, stack(0x00000000180f0000,0x00000000181f0000)]
  0x000000001681d000 JavaThread "Cancel handler" [_thread_blocked, id=3996, stack(0x0000000017ff0000,0x00000000180f0000)]
  0x0000000016f47000 JavaThread "Handler for socket connection from /127.0.0.1:55841 to /127.0.0.1:55842" [_thread_in_native, id=8408, stack(0x0000000017cf0000,0x0000000017df0000)]
  0x0000000016f44000 JavaThread "Daemon" [_thread_blocked, id=12212, stack(0x0000000017bf0000,0x0000000017cf0000)]
  0x0000000016f27800 JavaThread "Daemon periodic checks" [_thread_blocked, id=1188, stack(0x0000000017af0000,0x0000000017bf0000)]
  0x0000000016edb000 JavaThread "Incoming local TCP Connector on port 55841" [_thread_in_native, id=12664, stack(0x0000000017880000,0x0000000017980000)]
  0x00000000168ac000 JavaThread "Daemon health stats" [_thread_blocked, id=4520, stack(0x0000000017240000,0x0000000017340000)]
  0x0000000015492800 JavaThread "Service Thread" daemon [_thread_blocked, id=2356, stack(0x0000000015870000,0x0000000015970000)]
  0x0000000013afd800 JavaThread "C1 CompilerThread2" daemon [_thread_blocked, id=7052, stack(0x0000000015370000,0x0000000015470000)]
  0x0000000013af8800 JavaThread "C2 CompilerThread1" daemon [_thread_in_native, id=2808, stack(0x0000000015270000,0x0000000015370000)]
=>0x0000000013af1000 JavaThread "C2 CompilerThread0" daemon [_thread_in_native, id=6196, stack(0x0000000015170000,0x0000000015270000)]
  0x0000000013aef000 JavaThread "Attach Listener" daemon [_thread_blocked, id=1212, stack(0x0000000015070000,0x0000000015170000)]
  0x0000000013aee000 JavaThread "Signal Dispatcher" daemon [_thread_blocked, id=5936, stack(0x0000000014f70000,0x0000000015070000)]
  0x00000000026cc800 JavaThread "Finalizer" daemon [_thread_blocked, id=1484, stack(0x0000000014d50000,0x0000000014e50000)]
  0x0000000013ada000 JavaThread "Reference Handler" daemon [_thread_blocked, id=11412, stack(0x0000000014c50000,0x0000000014d50000)]
  0x00000000025d2800 JavaThread "main" [_thread_blocked, id=7160, stack(0x00000000024d0000,0x00000000025d0000)]

Other Threads:
  0x0000000013ab7800 VMThread [stack: 0x0000000014b50000,0x0000000014c50000] [id=8668]
  0x00000000154bd800 WatcherThread [stack: 0x0000000015970000,0x0000000015a70000] [id=9496]

VM state:not at safepoint (normal execution)

VM Mutex/Monitor currently owned by a thread: None

heap address: 0x00000000e0000000, size: 512 MB, Compressed Oops mode: 32-bit
Narrow klass base: 0x0000000000000000, Narrow klass shift: 3
Compressed class space size: 1073741824 Address: 0x0000000100000000

Heap:
 PSYoungGen      total 107008K, used 57411K [0x00000000f5580000, 0x0000000100000000, 0x0000000100000000)
  eden space 94208K, 60% used [0x00000000f5580000,0x00000000f8d90f70,0x00000000fb180000)
  from space 12800K, 0% used [0x00000000fb180000,0x00000000fb180000,0x00000000fbe00000)
  to   space 12800K, 0% used [0x00000000ff380000,0x00000000ff380000,0x0000000100000000)
 ParOldGen       total 175104K, used 15382K [0x00000000e0000000, 0x00000000eab00000, 0x00000000f5580000)
  object space 175104K, 8% used [0x00000000e0000000,0x00000000e0f058f8,0x00000000eab00000)
 Metaspace       used 40088K, capacity 41124K, committed 41472K, reserved 1085440K
  class space    used 5481K, capacity 5810K, committed 5888K, reserved 1048576K

Card table byte_map: [0x0000000011a90000,0x0000000011ba0000] byte_map_base: 0x0000000011390000

Marking Bits: (ParMarkBitMap*) 0x0000000055475ce0
 Begin Bits: [0x0000000012050000, 0x0000000012850000)
 End Bits:   [0x0000000012850000, 0x0000000013050000)

Polling page: 0x0000000002420000

CodeCache: size=245760Kb used=13312Kb max_used=13312Kb free=232447Kb
 bounds [0x00000000026d0000, 0x00000000033e0000, 0x00000000116d0000]
 total_blobs=4406 nmethods=3658 adapters=660
 compilation: enabled

Compilation events (10 events):
Event: 19.883 Thread 0x0000000013afd800 3954       3       java.util.TreeMap::keyIterator (13 bytes)
Event: 19.884 Thread 0x0000000013afd800 nmethod 3954 0x00000000033d6e50 code [0x00000000033d6fe0, 0x00000000033d74d0]
Event: 19.913 Thread 0x0000000013afd800 3956       3       org.gradle.internal.classloader.FilteringClassLoader::classAllowed (80 bytes)
Event: 19.914 Thread 0x0000000013afd800 nmethod 3956 0x00000000033d7710 code [0x00000000033d7920, 0x00000000033d8498]
Event: 19.932 Thread 0x0000000013afd800 3957       3       java.lang.invoke.MemberName::getType (19 bytes)
Event: 19.933 Thread 0x0000000013afd800 nmethod 3957 0x00000000033d8950 code [0x00000000033d8ae0, 0x00000000033d9038]
Event: 19.934 Thread 0x0000000013afd800 3958       3       jdk.internal.org.objectweb.asm.MethodWriter::visitEnd (1 bytes)
Event: 19.934 Thread 0x0000000013afd800 nmethod 3958 0x00000000033d9190 code [0x00000000033d92e0, 0x00000000033d9430]
Event: 19.935 Thread 0x0000000013afd800 3959       3       java.util.regex.Pattern$7::isSatisfiedBy (28 bytes)
Event: 19.935 Thread 0x0000000013afd800 nmethod 3959 0x00000000033d9490 code [0x00000000033d9620, 0x00000000033d99b8]

GC Heap History (10 events):
Event: 10.955 GC heap before
{Heap before GC invocations=5 (full 1):
 PSYoungGen      total 76288K, used 65536K [0x00000000f5580000, 0x00000000faa80000, 0x0000000100000000)
  eden space 65536K, 100% used [0x00000000f5580000,0x00000000f9580000,0x00000000f9580000)
  from space 10752K, 0% used [0x00000000f9580000,0x00000000f9580000,0x00000000fa000000)
  to   space 10752K, 0% used [0x00000000fa000000,0x00000000fa000000,0x00000000faa80000)
 ParOldGen       total 175104K, used 10793K [0x00000000e0000000, 0x00000000eab00000, 0x00000000f5580000)
  object space 175104K, 6% used [0x00000000e0000000,0x00000000e0a8a400,0x00000000eab00000)
 Metaspace       used 27795K, capacity 28304K, committed 28544K, reserved 1073152K
  class space    used 3784K, capacity 3942K, committed 3968K, reserved 1048576K
Event: 10.967 GC heap after
Heap after GC invocations=5 (full 1):
 PSYoungGen      total 76288K, used 8119K [0x00000000f5580000, 0x00000000fc400000, 0x0000000100000000)
  eden space 65536K, 0% used [0x00000000f5580000,0x00000000f5580000,0x00000000f9580000)
  from space 10752K, 75% used [0x00000000fa000000,0x00000000fa7edea8,0x00000000faa80000)
  to   space 10752K, 0% used [0x00000000f9580000,0x00000000f9580000,0x00000000fa000000)
 ParOldGen       total 175104K, used 10801K [0x00000000e0000000, 0x00000000eab00000, 0x00000000f5580000)
  object space 175104K, 6% used [0x00000000e0000000,0x00000000e0a8c400,0x00000000eab00000)
 Metaspace       used 27795K, capacity 28304K, committed 28544K, reserved 1073152K
  class space    used 3784K, capacity 3942K, committed 3968K, reserved 1048576K
}
Event: 12.256 GC heap before
{Heap before GC invocations=6 (full 1):
 PSYoungGen      total 76288K, used 73655K [0x00000000f5580000, 0x00000000fc400000, 0x0000000100000000)
  eden space 65536K, 100% used [0x00000000f5580000,0x00000000f9580000,0x00000000f9580000)
  from space 10752K, 75% used [0x00000000fa000000,0x00000000fa7edea8,0x00000000faa80000)
  to   space 10752K, 0% used [0x00000000f9580000,0x00000000f9580000,0x00000000fa000000)
 ParOldGen       total 175104K, used 10801K [0x00000000e0000000, 0x00000000eab00000, 0x00000000f5580000)
  object space 175104K, 6% used [0x00000000e0000000,0x00000000e0a8c400,0x00000000eab00000)
 Metaspace       used 31127K, capacity 31772K, committed 32000K, reserved 1077248K
  class space    used 4342K, capacity 4563K, committed 4608K, reserved 1048576K
Event: 12.279 GC heap after
Heap after GC invocations=6 (full 1):
 PSYoungGen      total 76288K, used 9638K [0x00000000f5580000, 0x00000000fcb00000, 0x0000000100000000)
  eden space 65536K, 0% used [0x00000000f5580000,0x00000000f5580000,0x00000000f9580000)
  from space 10752K, 89% used [0x00000000f9580000,0x00000000f9ee9808,0x00000000fa000000)
  to   space 12288K, 0% used [0x00000000fbf00000,0x00000000fbf00000,0x00000000fcb00000)
 ParOldGen       total 175104K, used 10809K [0x00000000e0000000, 0x00000000eab00000, 0x00000000f5580000)
  object space 175104K, 6% used [0x00000000e0000000,0x00000000e0a8e400,0x00000000eab00000)
 Metaspace       used 31127K, capacity 31772K, committed 32000K, reserved 1077248K
  class space    used 4342K, capacity 4563K, committed 4608K, reserved 1048576K
}
Event: 15.058 GC heap before
{Heap before GC invocations=7 (full 1):
 PSYoungGen      total 76288K, used 75174K [0x00000000f5580000, 0x00000000fcb00000, 0x0000000100000000)
  eden space 65536K, 100% used [0x00000000f5580000,0x00000000f9580000,0x00000000f9580000)
  from space 10752K, 89% used [0x00000000f9580000,0x00000000f9ee9808,0x00000000fa000000)
  to   space 12288K, 0% used [0x00000000fbf00000,0x00000000fbf00000,0x00000000fcb00000)
 ParOldGen       total 175104K, used 10809K [0x00000000e0000000, 0x00000000eab00000, 0x00000000f5580000)
  object space 175104K, 6% used [0x00000000e0000000,0x00000000e0a8e400,0x00000000eab00000)
 Metaspace       used 34462K, capacity 35274K, committed 35328K, reserved 1079296K
  class space    used 4853K, capacity 5098K, committed 5120K, reserved 1048576K
Event: 15.075 GC heap after
Heap after GC invocations=7 (full 1):
 PSYoungGen      total 105984K, used 10938K [0x00000000f5580000, 0x00000000fca80000, 0x0000000100000000)
  eden space 94208K, 0% used [0x00000000f5580000,0x00000000f5580000,0x00000000fb180000)
  from space 11776K, 92% used [0x00000000fbf00000,0x00000000fc9aebc0,0x00000000fca80000)
  to   space 12800K, 0% used [0x00000000fb180000,0x00000000fb180000,0x00000000fbe00000)
 ParOldGen       total 175104K, used 10817K [0x00000000e0000000, 0x00000000eab00000, 0x00000000f5580000)
  object space 175104K, 6% used [0x00000000e0000000,0x00000000e0a90400,0x00000000eab00000)
 Metaspace       used 34462K, capacity 35274K, committed 35328K, reserved 1079296K
  class space    used 4853K, capacity 5098K, committed 5120K, reserved 1048576K
}
Event: 15.369 GC heap before
{Heap before GC invocations=8 (full 1):
 PSYoungGen      total 105984K, used 14259K [0x00000000f5580000, 0x00000000fca80000, 0x0000000100000000)
  eden space 94208K, 3% used [0x00000000f5580000,0x00000000f58be1c0,0x00000000fb180000)
  from space 11776K, 92% used [0x00000000fbf00000,0x00000000fc9aebc0,0x00000000fca80000)
  to   space 12800K, 0% used [0x00000000fb180000,0x00000000fb180000,0x00000000fbe00000)
 ParOldGen       total 175104K, used 10817K [0x00000000e0000000, 0x00000000eab00000, 0x00000000f5580000)
  object space 175104K, 6% used [0x00000000e0000000,0x00000000e0a90400,0x00000000eab00000)
 Metaspace       used 34535K, capacity 35338K, committed 35416K, reserved 1079296K
  class space    used 4867K, capacity 5098K, committed 5120K, reserved 1048576K
Event: 15.383 GC heap after
Heap after GC invocations=8 (full 1):
 PSYoungGen      total 107008K, used 8339K [0x00000000f5580000, 0x0000000100000000, 0x0000000100000000)
  eden space 94208K, 0% used [0x00000000f5580000,0x00000000f5580000,0x00000000fb180000)
  from space 12800K, 65% used [0x00000000fb180000,0x00000000fb9a4f68,0x00000000fbe00000)
  to   space 12800K, 0% used [0x00000000ff380000,0x00000000ff380000,0x0000000100000000)
 ParOldGen       total 175104K, used 10817K [0x00000000e0000000, 0x00000000eab00000, 0x00000000f5580000)
  object space 175104K, 6% used [0x00000000e0000000,0x00000000e0a90400,0x00000000eab00000)
 Metaspace       used 34535K, capacity 35338K, committed 35416K, reserved 1079296K
  class space    used 4867K, capacity 5098K, committed 5120K, reserved 1048576K
}
Event: 15.383 GC heap before
{Heap before GC invocations=9 (full 2):
 PSYoungGen      total 107008K, used 8339K [0x00000000f5580000, 0x0000000100000000, 0x0000000100000000)
  eden space 94208K, 0% used [0x00000000f5580000,0x00000000f5580000,0x00000000fb180000)
  from space 12800K, 65% used [0x00000000fb180000,0x00000000fb9a4f68,0x00000000fbe00000)
  to   space 12800K, 0% used [0x00000000ff380000,0x00000000ff380000,0x0000000100000000)
 ParOldGen       total 175104K, used 10817K [0x00000000e0000000, 0x00000000eab00000, 0x00000000f5580000)
  object space 175104K, 6% used [0x00000000e0000000,0x00000000e0a90400,0x00000000eab00000)
 Metaspace       used 34535K, capacity 35338K, committed 35416K, reserved 1079296K
  class space    used 4867K, capacity 5098K, committed 5120K, reserved 1048576K
Event: 15.485 GC heap after
Heap after GC invocations=9 (full 2):
 PSYoungGen      total 107008K, used 0K [0x00000000f5580000, 0x0000000100000000, 0x0000000100000000)
  eden space 94208K, 0% used [0x00000000f5580000,0x00000000f5580000,0x00000000fb180000)
  from space 12800K, 0% used [0x00000000fb180000,0x00000000fb180000,0x00000000fbe00000)
  to   space 12800K, 0% used [0x00000000ff380000,0x00000000ff380000,0x0000000100000000)
 ParOldGen       total 175104K, used 15382K [0x00000000e0000000, 0x00000000eab00000, 0x00000000f5580000)
  object space 175104K, 8% used [0x00000000e0000000,0x00000000e0f058f8,0x00000000eab00000)
 Metaspace       used 34527K, capacity 35314K, committed 35416K, reserved 1079296K
  class space    used 4864K, capacity 5094K, committed 5120K, reserved 1048576K
}

Deoptimization events (10 events):
Event: 18.873 Thread 0x000000001681d800 Uncommon trap: reason=bimorphic action=maybe_recompile pc=0x0000000002ece998 method=java.lang.ClassLoader.getPackage(Ljava/lang/String;)Ljava/lang/Package; @ 47
Event: 18.882 Thread 0x000000001681d800 Uncommon trap: reason=bimorphic action=maybe_recompile pc=0x0000000002ece998 method=java.lang.ClassLoader.getPackage(Ljava/lang/String;)Ljava/lang/Package; @ 47
Event: 18.886 Thread 0x000000001681d800 Uncommon trap: reason=bimorphic action=maybe_recompile pc=0x0000000002ece998 method=java.lang.ClassLoader.getPackage(Ljava/lang/String;)Ljava/lang/Package; @ 47
Event: 18.888 Thread 0x000000001681d800 Uncommon trap: reason=bimorphic action=maybe_recompile pc=0x0000000002ece998 method=java.lang.ClassLoader.getPackage(Ljava/lang/String;)Ljava/lang/Package; @ 47
Event: 18.890 Thread 0x000000001681d800 Uncommon trap: reason=bimorphic action=maybe_recompile pc=0x0000000002ef0e14 method=java.lang.ClassLoader.getPackage(Ljava/lang/String;)Ljava/lang/Package; @ 47
Event: 19.292 Thread 0x000000001681d800 Uncommon trap: reason=class_check action=maybe_recompile pc=0x00000000031c5e9c method=java.io.BufferedInputStream.read1([BII)I @ 39
Event: 19.293 Thread 0x000000001681d800 Uncommon trap: reason=class_check action=maybe_recompile pc=0x00000000031c5e9c method=java.io.BufferedInputStream.read1([BII)I @ 39
Event: 19.293 Thread 0x000000001681d800 Uncommon trap: reason=class_check action=maybe_recompile pc=0x00000000031c5e9c method=java.io.BufferedInputStream.read1([BII)I @ 39
Event: 19.750 Thread 0x000000001681d800 Uncommon trap: reason=unstable_if action=reinterpret pc=0x00000000027e55e4 method=java.lang.Integer.valueOf(I)Ljava/lang/Integer; @ 3
Event: 19.761 Thread 0x000000001681d800 Uncommon trap: reason=predicate action=maybe_recompile pc=0x000000000303dfa8 method=java.util.Arrays.binarySearch0([Ljava/lang/Object;IILjava/lang/Object;Ljava/util/Comparator;)I @ 28

Classes redefined (0 events):
No events

Internal exceptions (10 events):
Event: 17.699 Thread 0x000000001681d800 Exception <a 'java/lang/ClassNotFoundException': org/gradle/api/internal/artifacts/repositories/AbstractAuthenticationSupportedRepositoryBeanInfo> (0x00000000f5efb700) thrown at [C:\re\workspace\8-2-build-windows-amd64-cygwin\jdk8u211\12973\hotspot\src\sh
Event: 17.700 Thread 0x000000001681d800 Exception <a 'java/lang/ClassNotFoundException': org/gradle/api/internal/artifacts/repositories/AbstractResolutionAwareArtifactRepositoryBeanInfo> (0x00000000f5f67338) thrown at [C:\re\workspace\8-2-build-windows-amd64-cygwin\jdk8u211\12973\hotspot\src\sh
Event: 17.701 Thread 0x000000001681d800 Exception <a 'java/lang/ClassNotFoundException': org/gradle/api/internal/artifacts/repositories/AbstractArtifactRepositoryBeanInfo> (0x00000000f5fc5f20) thrown at [C:\re\workspace\8-2-build-windows-amd64-cygwin\jdk8u211\12973\hotspot\src\share\vm\classfil
Event: 17.702 Thread 0x000000001681d800 Exception <a 'java/lang/ClassNotFoundException': org/gradle/api/internal/artifacts/repositories/AbstractArtifactRepositoryCustomizer> (0x00000000f6027d48) thrown at [C:\re\workspace\8-2-build-windows-amd64-cygwin\jdk8u211\12973\hotspot\src\share\vm\classf
Event: 17.706 Thread 0x000000001681d800 Exception <a 'java/lang/ClassNotFoundException': org/gradle/api/internal/artifacts/repositories/AbstractResolutionAwareArtifactRepositoryCustomizer> (0x00000000f60b5d58) thrown at [C:\re\workspace\8-2-build-windows-amd64-cygwin\jdk8u211\12973\hotspot\src\
Event: 17.708 Thread 0x000000001681d800 Exception <a 'java/lang/ClassNotFoundException': org/gradle/api/internal/artifacts/repositories/AbstractAuthenticationSupportedRepositoryCustomizer> (0x00000000f612c120) thrown at [C:\re\workspace\8-2-build-windows-amd64-cygwin\jdk8u211\12973\hotspot\src\
Event: 17.711 Thread 0x000000001681d800 Exception <a 'java/lang/ClassNotFoundException': org/gradle/api/internal/artifacts/repositories/DefaultMavenArtifactRepositoryCustomizer> (0x00000000f61a5b58) thrown at [C:\re\workspace\8-2-build-windows-amd64-cygwin\jdk8u211\12973\hotspot\src\share\vm\cl
Event: 17.714 Thread 0x000000001681d800 Exception <a 'java/lang/ClassNotFoundException': org/gradle/api/internal/artifacts/repositories/DefaultMavenArtifactRepository_DecoratedCustomizer> (0x00000000f622bb70) thrown at [C:\re\workspace\8-2-build-windows-amd64-cygwin\jdk8u211\12973\hotspot\src\s
Event: 18.847 Thread 0x000000001681d800 Exception <a 'java/lang/ClassNotFoundException': build_3jg8zely756jx2nqt90n9zqfrBeanInfo> (0x00000000f815fc40) thrown at [C:\re\workspace\8-2-build-windows-amd64-cygwin\jdk8u211\12973\hotspot\src\share\vm\classfile\systemDictionary.cpp, line 210]
Event: 18.847 Thread 0x000000001681d800 Exception <a 'java/lang/ClassNotFoundException': build_3jg8zely756jx2nqt90n9zqfrCustomizer> (0x00000000f816bbe0) thrown at [C:\re\workspace\8-2-build-windows-amd64-cygwin\jdk8u211\12973\hotspot\src\share\vm\classfile\systemDictionary.cpp, line 210]

Events (10 events):
Event: 19.932 loading class java/util/StringJoiner done
Event: 19.936 loading class com/android/utils/JvmWideVariable$ValueWrapper
Event: 19.936 loading class com/android/utils/JvmWideVariable$ValueWrapper done
Event: 19.936 loading class com/android/utils/JvmWideVariable$ValueWrapperMBean
Event: 19.936 loading class com/android/utils/JvmWideVariable$ValueWrapperMBean done
Event: 19.937 loading class com/sun/jmx/mbeanserver/StandardMBeanSupport
Event: 19.937 loading class com/sun/jmx/mbeanserver/StandardMBeanSupport done
Event: 19.937 loading class com/sun/jmx/mbeanserver/StandardMBeanIntrospector
Event: 19.947 loading class com/sun/jmx/mbeanserver/StandardMBeanIntrospector done
Event: 19.948 loading class sun/reflect/misc/MethodUtil


Dynamic libraries:
0x00007ff6276b0000 - 0x00007ff6276e7000 	C:\Program Files\Java\jdk1.8.0_211\bin\java.exe
0x00007ffbb0000000 - 0x00007ffbb01f0000 	C:\WINDOWS\SYSTEM32\ntdll.dll
0x00007ffbae2c0000 - 0x00007ffbae372000 	C:\WINDOWS\System32\KERNEL32.DLL
0x00007ffbad0c0000 - 0x00007ffbad363000 	C:\WINDOWS\System32\KERNELBASE.dll
0x00007ffbaecb0000 - 0x00007ffbaed53000 	C:\WINDOWS\System32\ADVAPI32.dll
0x00007ffbaff20000 - 0x00007ffbaffbe000 	C:\WINDOWS\System32\msvcrt.dll
0x00007ffbae8d0000 - 0x00007ffbae967000 	C:\WINDOWS\System32\sechost.dll
0x00007ffbae5c0000 - 0x00007ffbae6e0000 	C:\WINDOWS\System32\RPCRT4.dll
0x00007ffbaee80000 - 0x00007ffbaf014000 	C:\WINDOWS\System32\USER32.dll
0x00007ffbad040000 - 0x00007ffbad061000 	C:\WINDOWS\System32\win32u.dll
0x00007ffbae970000 - 0x00007ffbae996000 	C:\WINDOWS\System32\GDI32.dll
0x00007ffbad690000 - 0x00007ffbad824000 	C:\WINDOWS\System32\gdi32full.dll
0x00007ffbad3c0000 - 0x00007ffbad45e000 	C:\WINDOWS\System32\msvcp_win.dll
0x00007ffbad830000 - 0x00007ffbad92a000 	C:\WINDOWS\System32\ucrtbase.dll
0x00007ffb9a780000 - 0x00007ffb9aa05000 	C:\WINDOWS\WinSxS\amd64_microsoft.windows.common-controls_6595b64144ccf1df_6.0.18362.720_none_e6beb5c51314836b\COMCTL32.dll
0x00007ffbaf490000 - 0x00007ffbaf7c6000 	C:\WINDOWS\System32\combase.dll
0x00007ffbad460000 - 0x00007ffbad4e0000 	C:\WINDOWS\System32\bcryptPrimitives.dll
0x00007ffbaea70000 - 0x00007ffbaea9e000 	C:\WINDOWS\System32\IMM32.DLL
0x0000000055500000 - 0x00000000555d2000 	C:\Program Files\Java\jdk1.8.0_211\jre\bin\msvcr100.dll
0x0000000054c50000 - 0x00000000554f5000 	C:\Program Files\Java\jdk1.8.0_211\jre\bin\server\jvm.dll
0x00007ffbaee50000 - 0x00007ffbaee58000 	C:\WINDOWS\System32\PSAPI.DLL
0x00007ffb9b170000 - 0x00007ffb9b179000 	C:\WINDOWS\SYSTEM32\WSOCK32.dll
0x00007ffba8db0000 - 0x00007ffba8dd4000 	C:\WINDOWS\SYSTEM32\WINMM.dll
0x00007ffbaed60000 - 0x00007ffbaedcf000 	C:\WINDOWS\System32\WS2_32.dll
0x00007ffbaadb0000 - 0x00007ffbaadba000 	C:\WINDOWS\SYSTEM32\VERSION.dll
0x00007ffba8d80000 - 0x00007ffba8dad000 	C:\WINDOWS\SYSTEM32\winmmbase.dll
0x00007ffbad070000 - 0x00007ffbad0ba000 	C:\WINDOWS\System32\cfgmgr32.dll
0x00007ffbaa370000 - 0x00007ffbaa37f000 	C:\Program Files\Java\jdk1.8.0_211\jre\bin\verify.dll
0x00007ffba0be0000 - 0x00007ffba0c09000 	C:\Program Files\Java\jdk1.8.0_211\jre\bin\java.dll
0x00007ffba8b60000 - 0x00007ffba8b76000 	C:\Program Files\Java\jdk1.8.0_211\jre\bin\zip.dll
0x00007ffbaf7d0000 - 0x00007ffbafeb5000 	C:\WINDOWS\System32\SHELL32.dll
0x00007ffbae0b0000 - 0x00007ffbae159000 	C:\WINDOWS\System32\shcore.dll
0x00007ffbad930000 - 0x00007ffbae0b0000 	C:\WINDOWS\System32\windows.storage.dll
0x00007ffbacf10000 - 0x00007ffbacf33000 	C:\WINDOWS\System32\profapi.dll
0x00007ffbacf40000 - 0x00007ffbacf8a000 	C:\WINDOWS\System32\powrprof.dll
0x00007ffbacec0000 - 0x00007ffbaced0000 	C:\WINDOWS\System32\UMPDC.dll
0x00007ffbafec0000 - 0x00007ffbaff12000 	C:\WINDOWS\System32\shlwapi.dll
0x00007ffbacef0000 - 0x00007ffbacf01000 	C:\WINDOWS\System32\kernel.appcore.dll
0x00007ffbad370000 - 0x00007ffbad387000 	C:\WINDOWS\System32\cryptsp.dll
0x00007ffb9ed60000 - 0x00007ffb9ed7a000 	C:\Program Files\Java\jdk1.8.0_211\jre\bin\net.dll
0x00007ffb9c6c0000 - 0x00007ffb9c895000 	C:\WINDOWS\SYSTEM32\urlmon.dll
0x00007ffb9c9c0000 - 0x00007ffb9cc66000 	C:\WINDOWS\SYSTEM32\iertutil.dll
0x00007ffbac900000 - 0x00007ffbac90c000 	C:\WINDOWS\SYSTEM32\CRYPTBASE.DLL
0x00007ffbac730000 - 0x00007ffbac797000 	C:\WINDOWS\system32\mswsock.dll
0x00007ffb9ed40000 - 0x00007ffb9ed52000 	C:\Program Files\Java\jdk1.8.0_211\jre\bin\nio.dll
0x00007ffb9cee0000 - 0x00007ffb9cf06000 	C:\Users\joann\.gradle\native\29\windows-amd64\native-platform.dll
0x00007ffb9f5b0000 - 0x00007ffb9f5bd000 	C:\Program Files\Java\jdk1.8.0_211\jre\bin\management.dll
0x00007ffbac2a0000 - 0x00007ffbac2d3000 	C:\WINDOWS\system32\rsaenh.dll
0x00007ffbad390000 - 0x00007ffbad3b6000 	C:\WINDOWS\System32\bcrypt.dll
0x00007ffbacdb0000 - 0x00007ffbacdd5000 	C:\WINDOWS\SYSTEM32\USERENV.dll
0x00007ffbac440000 - 0x00007ffbac47a000 	C:\WINDOWS\SYSTEM32\IPHLPAPI.DLL
0x00007ffbae8c0000 - 0x00007ffbae8c8000 	C:\WINDOWS\System32\NSI.dll
0x00007ffba0950000 - 0x00007ffba0966000 	C:\WINDOWS\SYSTEM32\dhcpcsvc6.DLL
0x00007ffba0a90000 - 0x00007ffba0aac000 	C:\WINDOWS\SYSTEM32\dhcpcsvc.DLL
0x00007ffbac480000 - 0x00007ffbac54a000 	C:\WINDOWS\SYSTEM32\DNSAPI.dll

VM Arguments:
jvm_args: -XX:MaxMetaspaceSize=256m -XX:+HeapDumpOnOutOfMemoryError -Xms256m -Xmx512m -Dfile.encoding=windows-1252 -Duser.country=HN -Duser.language=es -Duser.variant 
java_command: org.gradle.launcher.daemon.bootstrap.GradleDaemon 5.5
java_class_path (initial): C:\Users\joann\.gradle\wrapper\dists\gradle-5.5-all\byeise1led9a3w3p149d02kfj\gradle-5.5\lib\gradle-launcher-5.5.jar
Launcher Type: SUN_STANDARD

Environment Variables:
JAVA_HOME=C:\Program Files\Java\jdk1.8.0_211
CLASSPATH=C:\Users\joann\maythesalesmobile\android\\gradle\wrapper\gradle-wrapper.jar
PATH=C:\Python27\;C:\Python27\Scripts;C:\Program Files (x86)\Common Files\Oracle\Java\javapath;C:\Program Files (x86)\Intel\iCLS Client\;C:\Program Files\Intel\iCLS Client\;C:\WINDOWS\system32;C:\WINDOWS;C:\WINDOWS\System32\Wbem;C:\WINDOWS\System32\WindowsPowerShell\v1.0\;C:\Program Files (x86)\Intel\Intel(R) Management Engine Components\DAL;C:\Program Files\Intel\Intel(R) Management Engine Components\DAL;C:\Program Files (x86)\Intel\Intel(R) Management Engine Components\IPT;C:\Program Files\Intel\Intel(R) Management Engine Components\IPT;C:\WINDOWS\System32\OpenSSH\;C:\Program Files\dotnet\;C:\Program Files\Git\cmd;C:\ProgramData\chocolatey\bin;C:\Program Files\nodejs\;C:\Users\joann\AppData\Roaming\npm;C:\Users\joann\AppData\Local\Android\Sdk;C:\Program Files\Java\jdk1.8.0_211;C:\Users\joann\AppData\Local\Android\Sdk\platform-tools;C:\Program Files\Java\jdk1.8.0_211\bin;C:\Users\joann\AppData\Local\Microsoft\WindowsApps;C:\Users\joann\AppData\Local\Programs\Microsoft VS Code\bin;C:\Users\joann\AppData\Local\hyper\app-3.0.2\resources\bin;C:\Users\joann\AppData\Local\atom\bin;C:\Users\joann\AppData\Local\GitHubDesktop\bin;C:\Users\joann\AppData\Local\Microsoft\WindowsApps;C:\Users\joann\AppData\Roaming\npm
USERNAME=joann
OS=Windows_NT
PROCESSOR_IDENTIFIER=Intel64 Family 6 Model 78 Stepping 3, GenuineIntel



---------------  S Y S T E M  ---------------

OS: Windows 10.0 , 64 bit Build 18362 (10.0.18362.329)

CPU:total 4 (initial active 4) (2 cores per cpu, 2 threads per core) family 6 model 78 stepping 3, cmov, cx8, fxsr, mmx, sse, sse2, sse3, ssse3, sse4.1, sse4.2, popcnt, avx, avx2, aes, clmul, erms, 3dnowpref, lzcnt, ht, tsc, tscinvbit, bmi1, bmi2, adx

Memory: 4k page, physical 8270988k(1255772k free), swap 8475788k(10856k free)

vm_info: Java HotSpot(TM) 64-Bit Server VM (25.211-b12) for windows-amd64 JRE (1.8.0_211-b12), built on Apr  1 2019 20:53:26 by "java_re" with MS VC++ 10.0 (VS2010)

time: Tue Mar 17 14:45:06 2020
timezone: Hora estándar, América Central
elapsed time: 20 seconds (0d 0h 0m 20s)

