#
# There is insufficient memory for the Java Runtime Environment to continue.
# Native memory allocation (malloc) failed to allocate 1382896 bytes for Chunk::new
# Possible reasons:
#   The system is out of physical RAM or swap space
#   The process is running with CompressedOops enabled, and the Java Heap may be blocking the growth of the native heap
# Possible solutions:
#   Reduce memory load on the system
#   Increase physical memory or swap space
#   Check if swap backing store is full
#   Decrease Java heap size (-Xmx/-Xms)
#   Decrease number of Java threads
#   Decrease Java thread stack sizes (-Xss)
#   Set larger code cache with -XX:ReservedCodeCacheSize=
#   JVM is running with Unscaled Compressed Oops mode in which the Java heap is
#     placed in the first 4GB address space. The Java Heap base address is the
#     maximum limit for the native heap growth. Please use -XX:HeapBaseMinAddress
#     to set the Java Heap base and to place the Java Heap above 4GB virtual address.
# This output file may be truncated or incomplete.
#
#  Out of Memory Error (allocation.cpp:389), pid=12784, tid=0x0000000000001f50
#
# JRE version: Java(TM) SE Runtime Environment (8.0_211-b12) (build 1.8.0_211-b12)
# Java VM: Java HotSpot(TM) 64-Bit Server VM (25.211-b12 mixed mode windows-amd64 compressed oops)
# Failed to write core dump. Minidumps are not enabled by default on client versions of Windows
#

---------------  T H R E A D  ---------------

Current thread (0x0000000014673800):  JavaThread "C2 CompilerThread1" daemon [_thread_in_native, id=8016, stack(0x0000000015df0000,0x0000000015ef0000)]

Stack: [0x0000000015df0000,0x0000000015ef0000]
[error occurred during error reporting (printing stack bounds), id 0xc0000005]

Native frames: (J=compiled Java code, j=interpreted, Vv=VM code, C=native code)


Current CompileTask:
C2:  49331 8035       4       org.objectweb.asm.commons.Remapper::mapDesc (131 bytes)


---------------  P R O C E S S  ---------------

Java Threads: ( => current thread )
  0x000000001b1ae800 JavaThread "Execution worker for ':' Thread 3" [_thread_blocked, id=2160, stack(0x00000000234c0000,0x00000000235c0000)]
  0x000000001b1ae000 JavaThread "Execution worker for ':' Thread 2" [_thread_in_native, id=12892, stack(0x00000000233c0000,0x00000000234c0000)]
  0x000000001933c000 JavaThread "Execution worker for ':'" [_thread_in_native, id=11304, stack(0x00000000232c0000,0x00000000233c0000)]
  0x000000001933d000 JavaThread "Cache worker for file content cache (C:\Users\joann\maythesalesmobile\android\.gradle\5.5\fileContent)" [_thread_blocked, id=10184, stack(0x00000000231c0000,0x00000000232c0000)]
  0x000000001933a800 JavaThread "Cache worker for file content cache (C:\Users\joann\.gradle\caches\5.5\fileContent)" [_thread_blocked, id=7820, stack(0x00000000230c0000,0x00000000231c0000)]
  0x0000000019337800 JavaThread "Memory manager" [_thread_blocked, id=5412, stack(0x0000000021800000,0x0000000021900000)]
  0x0000000019335800 JavaThread "Cache worker for Build Output Cleanup Cache (C:\Users\joann\maythesalesmobile\android\.gradle\buildOutputCleanup)" [_thread_blocked, id=9084, stack(0x000000001fa40000,0x000000001fb40000)]
  0x0000000019330000 JavaThread "Build operations Thread 4" [_thread_blocked, id=10024, stack(0x000000001fe60000,0x000000001ff60000)]
  0x0000000019332800 JavaThread "Build operations Thread 3" [_thread_blocked, id=7368, stack(0x000000001fd60000,0x000000001fe60000)]
  0x0000000019331800 JavaThread "Build operations Thread 2" [_thread_blocked, id=2172, stack(0x000000001fc60000,0x000000001fd60000)]
  0x0000000019331000 JavaThread "Build operations" [_thread_blocked, id=1912, stack(0x000000001fb60000,0x000000001fc60000)]
  0x0000000019336000 JavaThread "Cache worker for execution history cache (C:\Users\joann\.gradle\caches\5.5\executionHistory)" [_thread_blocked, id=11928, stack(0x000000001f740000,0x000000001f840000)]
  0x000000001932e800 JavaThread "Cache worker for cache directory md-rule (C:\Users\joann\.gradle\caches\5.5\md-rule)" [_thread_blocked, id=12324, stack(0x000000001e070000,0x000000001e170000)]
  0x000000001932e000 JavaThread "Cache worker for cache directory md-supplier (C:\Users\joann\.gradle\caches\5.5\md-supplier)" [_thread_blocked, id=2928, stack(0x000000001dd30000,0x000000001de30000)]
  0x00000000173d6000 JavaThread "Cache worker for file hash cache (C:\Users\joann\maythesalesmobile\android\.gradle\5.5\fileHashes)" [_thread_blocked, id=11436, stack(0x000000001c5e0000,0x000000001c6e0000)]
  0x00000000173d3000 JavaThread "Cache worker for journal cache (C:\Users\joann\.gradle\caches\journal-1)" [_thread_blocked, id=12152, stack(0x000000001a240000,0x000000001a340000)]
  0x00000000173d4800 JavaThread "File lock request listener" [_thread_in_native, id=7656, stack(0x000000001a140000,0x000000001a240000)]
  0x00000000173d5800 JavaThread "Cache worker for file hash cache (C:\Users\joann\.gradle\caches\5.5\fileHashes)" [_thread_blocked, id=2096, stack(0x000000001a040000,0x000000001a140000)]
  0x0000000017605800 JavaThread "Thread-9" [_thread_blocked, id=12556, stack(0x0000000018f70000,0x0000000019070000)]
  0x000000001760a800 JavaThread "Stdin handler" [_thread_blocked, id=8364, stack(0x0000000018e70000,0x0000000018f70000)]
  0x0000000016dee000 JavaThread "Asynchronous log dispatcher for DefaultDaemonConnection: socket connection from /127.0.0.1:55852 to /127.0.0.1:55853" [_thread_blocked, id=13048, stack(0x0000000018d70000,0x0000000018e70000)]
  0x0000000016ded000 JavaThread "Daemon worker" [_thread_in_native, id=9968, stack(0x0000000018c70000,0x0000000018d70000)]
  0x0000000016dea000 JavaThread "Cancel handler" [_thread_blocked, id=12452, stack(0x0000000018b70000,0x0000000018c70000)]
  0x00000000175f7000 JavaThread "Handler for socket connection from /127.0.0.1:55852 to /127.0.0.1:55853" [_thread_in_native, id=5392, stack(0x0000000018870000,0x0000000018970000)]
  0x00000000175f6000 JavaThread "Daemon" [_thread_blocked, id=3844, stack(0x0000000018770000,0x0000000018870000)]
  0x00000000175d3000 JavaThread "Daemon periodic checks" [_thread_blocked, id=10960, stack(0x0000000018670000,0x0000000018770000)]
  0x00000000175d1800 JavaThread "Incoming local TCP Connector on port 55852" [_thread_in_native, id=12548, stack(0x0000000018400000,0x0000000018500000)]
  0x00000000175b0000 JavaThread "Daemon health stats" [_thread_blocked, id=10368, stack(0x0000000017dc0000,0x0000000017ec0000)]
  0x00000000146ce800 JavaThread "Service Thread" daemon [_thread_blocked, id=6524, stack(0x00000000163f0000,0x00000000164f0000)]
  0x0000000014682800 JavaThread "C1 CompilerThread2" daemon [_thread_blocked, id=7724, stack(0x0000000015ef0000,0x0000000015ff0000)]
=>0x0000000014673800 JavaThread "C2 CompilerThread1" daemon [_thread_in_native, id=8016, stack(0x0000000015df0000,0x0000000015ef0000)]
  0x0000000014670800 JavaThread "C2 CompilerThread0" daemon [_thread_in_native, id=12404, stack(0x0000000015cf0000,0x0000000015df0000)]
  0x000000001466e800 JavaThread "Attach Listener" daemon [_thread_blocked, id=3112, stack(0x0000000015bf0000,0x0000000015cf0000)]
  0x000000001466d000 JavaThread "Signal Dispatcher" daemon [_thread_blocked, id=1836, stack(0x0000000015af0000,0x0000000015bf0000)]
  0x000000000322b800 JavaThread "Finalizer" daemon [_thread_blocked, id=5760, stack(0x00000000158d0000,0x00000000159d0000)]
  0x0000000003222800 JavaThread "Reference Handler" daemon [_thread_blocked, id=6240, stack(0x00000000157d0000,0x00000000158d0000)]
  0x0000000003132800 JavaThread "main" [_thread_blocked, id=2856, stack(0x0000000003020000,0x0000000003120000)]

Other Threads:
  0x0000000014637000 VMThread [stack: 0x00000000156d0000,0x00000000157d0000] [id=3120]
  0x0000000016046000 WatcherThread [stack: 0x00000000164f0000,0x00000000165f0000] [id=9572]

VM state:not at safepoint (normal execution)

VM Mutex/Monitor currently owned by a thread: None

heap address: 0x00000000e0000000, size: 512 MB, Compressed Oops mode: 32-bit
Narrow klass base: 0x0000000000000000, Narrow klass shift: 3
Compressed class space size: 1073741824 Address: 0x0000000100000000

Heap:
 PSYoungGen      total 155136K, used 130935K [0x00000000f5580000, 0x0000000100000000, 0x0000000100000000)
  eden space 136192K, 82% used [0x00000000f5580000,0x00000000fc2de570,0x00000000fda80000)
  from space 18944K, 99% used [0x00000000fda80000,0x00000000fecffa60,0x00000000fed00000)
  to   space 19456K, 0% used [0x00000000fed00000,0x00000000fed00000,0x0000000100000000)
 ParOldGen       total 186368K, used 74995K [0x00000000e0000000, 0x00000000eb600000, 0x00000000f5580000)
  object space 186368K, 40% used [0x00000000e0000000,0x00000000e493cd58,0x00000000eb600000)
 Metaspace       used 67783K, capacity 70008K, committed 70272K, reserved 1110016K
  class space    used 9283K, capacity 9797K, committed 9856K, reserved 1048576K

Card table byte_map: [0x0000000012610000,0x0000000012720000] byte_map_base: 0x0000000011f10000

Marking Bits: (ParMarkBitMap*) 0x0000000055475ce0
 Begin Bits: [0x0000000012bd0000, 0x00000000133d0000)
 End Bits:   [0x00000000133d0000, 0x0000000013bd0000)

Polling page: 0x0000000001330000

CodeCache: size=245760Kb used=23792Kb max_used=23829Kb free=221967Kb
 bounds [0x0000000003250000, 0x00000000049b0000, 0x0000000012250000]
 total_blobs=8129 nmethods=7273 adapters=768
 compilation: enabled

Compilation events (10 events):
Event: 49.032 Thread 0x0000000014682800 8313       2       java.util.RegularEnumSet::iterator (9 bytes)
Event: 49.033 Thread 0x0000000014682800 nmethod 8313 0x000000000498ac50 code [0x000000000498ada0, 0x000000000498af70]
Event: 49.033 Thread 0x0000000014682800 8314       2       java.util.RegularEnumSet$EnumSetIterator::<init> (23 bytes)
Event: 49.033 Thread 0x0000000014682800 nmethod 8314 0x000000000498a890 code [0x000000000498a9e0, 0x000000000498ab70]
Event: 49.097 Thread 0x0000000014682800 8315       2       java.util.Collections$SetFromMap::remove (19 bytes)
Event: 49.097 Thread 0x0000000014682800 nmethod 8315 0x000000000498a510 code [0x000000000498a680, 0x000000000498a808]
Event: 49.099 Thread 0x0000000014682800 8316       2       org.gradle.internal.Try::map (14 bytes)
Event: 49.099 Thread 0x0000000014682800 nmethod 8316 0x000000000498a0d0 code [0x000000000498a240, 0x000000000498a448]
Event: 49.304 Thread 0x0000000014682800 8317       2       com.esotericsoftware.kryo.io.Input::readUtf8_slow (255 bytes)
Event: 49.305 Thread 0x0000000014682800 nmethod 8317 0x0000000004989710 code [0x00000000049898a0, 0x0000000004989d08]

GC Heap History (10 events):
Event: 31.796 GC heap before
{Heap before GC invocations=14 (full 3):
 PSYoungGen      total 135168K, used 14463K [0x00000000f5580000, 0x0000000100000000, 0x0000000100000000)
  eden space 116736K, 0% used [0x00000000f5580000,0x00000000f5580000,0x00000000fc780000)
  from space 18432K, 78% used [0x00000000fc780000,0x00000000fd59fdc8,0x00000000fd980000)
  to   space 18944K, 0% used [0x00000000fed80000,0x00000000fed80000,0x0000000100000000)
 ParOldGen       total 175104K, used 21018K [0x00000000e0000000, 0x00000000eab00000, 0x00000000f5580000)
  object space 175104K, 12% used [0x00000000e0000000,0x00000000e14869f0,0x00000000eab00000)
 Metaspace       used 57090K, capacity 58792K, committed 59008K, reserved 1099776K
  class space    used 7848K, capacity 8307K, committed 8320K, reserved 1048576K
Event: 32.089 GC heap after
Heap after GC invocations=14 (full 3):
 PSYoungGen      total 135168K, used 0K [0x00000000f5580000, 0x0000000100000000, 0x0000000100000000)
  eden space 116736K, 0% used [0x00000000f5580000,0x00000000f5580000,0x00000000fc780000)
  from space 18432K, 0% used [0x00000000fc780000,0x00000000fc780000,0x00000000fd980000)
  to   space 18944K, 0% used [0x00000000fed80000,0x00000000fed80000,0x0000000100000000)
 ParOldGen       total 186368K, used 29057K [0x00000000e0000000, 0x00000000eb600000, 0x00000000f5580000)
  object space 186368K, 15% used [0x00000000e0000000,0x00000000e1c60400,0x00000000eb600000)
 Metaspace       used 57090K, capacity 58792K, committed 59008K, reserved 1099776K
  class space    used 7848K, capacity 8307K, committed 8320K, reserved 1048576K
}
Event: 38.516 GC heap before
{Heap before GC invocations=15 (full 3):
 PSYoungGen      total 135168K, used 116736K [0x00000000f5580000, 0x0000000100000000, 0x0000000100000000)
  eden space 116736K, 100% used [0x00000000f5580000,0x00000000fc780000,0x00000000fc780000)
  from space 18432K, 0% used [0x00000000fc780000,0x00000000fc780000,0x00000000fd980000)
  to   space 18944K, 0% used [0x00000000fed80000,0x00000000fed80000,0x0000000100000000)
 ParOldGen       total 186368K, used 29057K [0x00000000e0000000, 0x00000000eb600000, 0x00000000f5580000)
  object space 186368K, 15% used [0x00000000e0000000,0x00000000e1c60400,0x00000000eb600000)
 Metaspace       used 64305K, capacity 66238K, committed 66560K, reserved 1105920K
  class space    used 8888K, capacity 9424K, committed 9472K, reserved 1048576K
Event: 38.567 GC heap after
Heap after GC invocations=15 (full 3):
 PSYoungGen      total 155648K, used 13864K [0x00000000f5580000, 0x0000000100000000, 0x0000000100000000)
  eden space 136704K, 0% used [0x00000000f5580000,0x00000000f5580000,0x00000000fdb00000)
  from space 18944K, 73% used [0x00000000fed80000,0x00000000ffb0a380,0x0000000100000000)
  to   space 18944K, 0% used [0x00000000fdb00000,0x00000000fdb00000,0x00000000fed80000)
 ParOldGen       total 186368K, used 29057K [0x00000000e0000000, 0x00000000eb600000, 0x00000000f5580000)
  object space 186368K, 15% used [0x00000000e0000000,0x00000000e1c60400,0x00000000eb600000)
 Metaspace       used 64305K, capacity 66238K, committed 66560K, reserved 1105920K
  class space    used 8888K, capacity 9424K, committed 9472K, reserved 1048576K
}
Event: 42.276 GC heap before
{Heap before GC invocations=16 (full 3):
 PSYoungGen      total 155648K, used 148351K [0x00000000f5580000, 0x0000000100000000, 0x0000000100000000)
  eden space 136704K, 98% used [0x00000000f5580000,0x00000000fd8d5b58,0x00000000fdb00000)
  from space 18944K, 73% used [0x00000000fed80000,0x00000000ffb0a380,0x0000000100000000)
  to   space 18944K, 0% used [0x00000000fdb00000,0x00000000fdb00000,0x00000000fed80000)
 ParOldGen       total 186368K, used 29057K [0x00000000e0000000, 0x00000000eb600000, 0x00000000f5580000)
  object space 186368K, 15% used [0x00000000e0000000,0x00000000e1c60400,0x00000000eb600000)
 Metaspace       used 66558K, capacity 68836K, committed 68992K, reserved 1107968K
  class space    used 9197K, capacity 9755K, committed 9856K, reserved 1048576K
Event: 42.318 GC heap after
Heap after GC invocations=16 (full 3):
 PSYoungGen      total 151552K, used 14462K [0x00000000f5580000, 0x0000000100000000, 0x0000000100000000)
  eden space 136704K, 0% used [0x00000000f5580000,0x00000000f5580000,0x00000000fdb00000)
  from space 14848K, 97% used [0x00000000fdb00000,0x00000000fe91f870,0x00000000fe980000)
  to   space 19456K, 0% used [0x00000000fed00000,0x00000000fed00000,0x0000000100000000)
 ParOldGen       total 186368K, used 56056K [0x00000000e0000000, 0x00000000eb600000, 0x00000000f5580000)
  object space 186368K, 30% used [0x00000000e0000000,0x00000000e36be3d8,0x00000000eb600000)
 Metaspace       used 66558K, capacity 68836K, committed 68992K, reserved 1107968K
  class space    used 9197K, capacity 9755K, committed 9856K, reserved 1048576K
}
Event: 46.118 GC heap before
{Heap before GC invocations=17 (full 3):
 PSYoungGen      total 151552K, used 151166K [0x00000000f5580000, 0x0000000100000000, 0x0000000100000000)
  eden space 136704K, 100% used [0x00000000f5580000,0x00000000fdb00000,0x00000000fdb00000)
  from space 14848K, 97% used [0x00000000fdb00000,0x00000000fe91f870,0x00000000fe980000)
  to   space 19456K, 0% used [0x00000000fed00000,0x00000000fed00000,0x0000000100000000)
 ParOldGen       total 186368K, used 56056K [0x00000000e0000000, 0x00000000eb600000, 0x00000000f5580000)
  object space 186368K, 30% used [0x00000000e0000000,0x00000000e36be3d8,0x00000000eb600000)
 Metaspace       used 67324K, capacity 69554K, committed 69760K, reserved 1110016K
  class space    used 9265K, capacity 9796K, committed 9856K, reserved 1048576K
Event: 46.152 GC heap after
Heap after GC invocations=17 (full 3):
 PSYoungGen      total 155648K, used 10332K [0x00000000f5580000, 0x0000000100000000, 0x0000000100000000)
  eden space 136192K, 0% used [0x00000000f5580000,0x00000000f5580000,0x00000000fda80000)
  from space 19456K, 53% used [0x00000000fed00000,0x00000000ff7173a8,0x0000000100000000)
  to   space 18944K, 0% used [0x00000000fda80000,0x00000000fda80000,0x00000000fed00000)
 ParOldGen       total 186368K, used 63838K [0x00000000e0000000, 0x00000000eb600000, 0x00000000f5580000)
  object space 186368K, 34% used [0x00000000e0000000,0x00000000e3e57a40,0x00000000eb600000)
 Metaspace       used 67324K, capacity 69554K, committed 69760K, reserved 1110016K
  class space    used 9265K, capacity 9796K, committed 9856K, reserved 1048576K
}
Event: 47.130 GC heap before
{Heap before GC invocations=18 (full 3):
 PSYoungGen      total 155648K, used 146524K [0x00000000f5580000, 0x0000000100000000, 0x0000000100000000)
  eden space 136192K, 100% used [0x00000000f5580000,0x00000000fda80000,0x00000000fda80000)
  from space 19456K, 53% used [0x00000000fed00000,0x00000000ff7173a8,0x0000000100000000)
  to   space 18944K, 0% used [0x00000000fda80000,0x00000000fda80000,0x00000000fed00000)
 ParOldGen       total 186368K, used 63838K [0x00000000e0000000, 0x00000000eb600000, 0x00000000f5580000)
  object space 186368K, 34% used [0x00000000e0000000,0x00000000e3e57a40,0x00000000eb600000)
 Metaspace       used 67619K, capacity 69874K, committed 70016K, reserved 1110016K
  class space    used 9278K, capacity 9796K, committed 9856K, reserved 1048576K
Event: 47.146 GC heap after
Heap after GC invocations=18 (full 3):
 PSYoungGen      total 155136K, used 18942K [0x00000000f5580000, 0x0000000100000000, 0x0000000100000000)
  eden space 136192K, 0% used [0x00000000f5580000,0x00000000f5580000,0x00000000fda80000)
  from space 18944K, 99% used [0x00000000fda80000,0x00000000fecffa60,0x00000000fed00000)
  to   space 19456K, 0% used [0x00000000fed00000,0x00000000fed00000,0x0000000100000000)
 ParOldGen       total 186368K, used 74995K [0x00000000e0000000, 0x00000000eb600000, 0x00000000f5580000)
  object space 186368K, 40% used [0x00000000e0000000,0x00000000e493cd58,0x00000000eb600000)
 Metaspace       used 67619K, capacity 69874K, committed 70016K, reserved 1110016K
  class space    used 9278K, capacity 9796K, committed 9856K, reserved 1048576K
}

Deoptimization events (10 events):
Event: 43.191 Thread 0x0000000019335800 Uncommon trap: reason=bimorphic action=maybe_recompile pc=0x00000000038a541c method=java.io.DataOutputStream.writeShort(I)V @ 12
Event: 46.882 Thread 0x0000000016ded000 Uncommon trap: reason=unstable_if action=reinterpret pc=0x0000000003d77bac method=kotlin.text.StringsKt__StringsKt.contains(Ljava/lang/CharSequence;CZ)Z @ 16
Event: 47.080 Thread 0x0000000016ded000 Uncommon trap: reason=unstable_if action=reinterpret pc=0x00000000048802e0 method=org.objectweb.asm.ClassReader.readUTF(II[C)Ljava/lang/String; @ 77
Event: 47.080 Thread 0x0000000016ded000 Uncommon trap: reason=unstable_if action=reinterpret pc=0x0000000004846e98 method=org.objectweb.asm.ByteVector.putUTF8(Ljava/lang/String;)Lorg/objectweb/asm/ByteVector; @ 98
Event: 47.091 Thread 0x0000000016ded000 Uncommon trap: reason=unstable_if action=reinterpret pc=0x00000000048495fc method=org.objectweb.asm.ClassReader.readUTF(II[C)Ljava/lang/String; @ 77
Event: 47.341 Thread 0x0000000016ded000 Uncommon trap: reason=unstable_if action=reinterpret pc=0x00000000034a5c44 method=sun.nio.cs.UTF_8$Decoder.decode([BII[C)I @ 30
Event: 47.347 Thread 0x0000000016ded000 Uncommon trap: reason=unstable_if action=reinterpret pc=0x0000000003eb9bf8 method=java.util.regex.Pattern.newSlice([IIZ)Ljava/util/regex/Pattern$Node; @ 10
Event: 47.347 Thread 0x0000000016ded000 Uncommon trap: reason=unstable_if action=reinterpret pc=0x0000000003d8c8a4 method=java.util.regex.Pattern$BitClass.add(II)Ljava/util/regex/Pattern$BitClass; @ 28
Event: 47.347 Thread 0x0000000016ded000 Uncommon trap: reason=unstable_if action=reinterpret pc=0x0000000004134ed0 method=java.util.regex.Pattern$BitClass.add(II)Ljava/util/regex/Pattern$BitClass; @ 28
Event: 47.347 Thread 0x0000000016ded000 Uncommon trap: reason=unstable_if action=reinterpret pc=0x0000000003eae254 method=java.util.regex.Pattern.newSlice([IIZ)Ljava/util/regex/Pattern$Node; @ 10

Classes redefined (0 events):
No events

Internal exceptions (10 events):
Event: 33.520 Thread 0x0000000016ded000 Exception <a 'java/lang/ClassNotFoundException': com/android/build/gradle/internal/tasks/PerModuleBundleTaskCustomizer> (0x00000000f95a7788) thrown at [C:\re\workspace\8-2-build-windows-amd64-cygwin\jdk8u211\12973\hotspot\src\share\vm\classfile\systemDict
Event: 33.522 Thread 0x0000000016ded000 Exception <a 'java/lang/ClassNotFoundException': com/android/build/gradle/internal/tasks/PerModuleBundleTask_DecoratedCustomizer> (0x00000000f95f6c68) thrown at [C:\re\workspace\8-2-build-windows-amd64-cygwin\jdk8u211\12973\hotspot\src\share\vm\classfile\
Event: 33.775 Thread 0x0000000016ded000 Implicit null exception at 0x0000000003a3c7a2 to 0x0000000003a3cce1
Event: 33.979 Thread 0x0000000016ded000 Implicit null exception at 0x0000000003cacbaf to 0x0000000003cacc4d
Event: 35.801 Thread 0x0000000016ded000 Implicit null exception at 0x0000000003b05647 to 0x0000000003b079d9
Event: 38.155 Thread 0x0000000016ded000 Implicit null exception at 0x000000000446b798 to 0x000000000446b8cd
Event: 47.349 Thread 0x0000000016ded000 Exception <a 'sun/nio/fs/WindowsException'> (0x00000000fb285378) thrown at [C:\re\workspace\8-2-build-windows-amd64-cygwin\jdk8u211\12973\hotspot\src\share\vm\prims\jni.cpp, line 710]
Event: 47.349 Thread 0x0000000016ded000 Exception <a 'sun/nio/fs/WindowsException'> (0x00000000fb2866a8) thrown at [C:\re\workspace\8-2-build-windows-amd64-cygwin\jdk8u211\12973\hotspot\src\share\vm\prims\jni.cpp, line 710]
Event: 47.352 Thread 0x0000000016ded000 Exception <a 'sun/nio/fs/WindowsException'> (0x00000000fb2895b8) thrown at [C:\re\workspace\8-2-build-windows-amd64-cygwin\jdk8u211\12973\hotspot\src\share\vm\prims\jni.cpp, line 710]
Event: 47.352 Thread 0x0000000016ded000 Exception <a 'sun/nio/fs/WindowsException'> (0x00000000fb28b3e0) thrown at [C:\re\workspace\8-2-build-windows-amd64-cygwin\jdk8u211\12973\hotspot\src\share\vm\prims\jni.cpp, line 710]

Events (10 events):
Event: 47.426 loading class java/time/Clock
Event: 47.459 loading class java/time/Clock done
Event: 47.459 loading class java/time/Clock$SystemClock
Event: 47.460 loading class java/time/Clock$SystemClock done
Event: 47.460 loading class java/util/zip/ZipOutputStream$XEntry
Event: 47.461 loading class java/util/zip/ZipOutputStream$XEntry done
Event: 47.693 Thread 0x0000000016ded000 DEOPT PACKING pc=0x000000000493f6fe sp=0x0000000018d69110
Event: 47.693 Thread 0x0000000016ded000 DEOPT UNPACKING pc=0x0000000003297890 sp=0x0000000018d68e60 mode 0
Event: 48.397 Thread 0x000000001933c000 DEOPT PACKING pc=0x00000000038e2735 sp=0x00000000233bcb20
Event: 48.397 Thread 0x000000001933c000 DEOPT UNPACKING pc=0x0000000003297890 sp=0x00000000233bc888 mode 0


Dynamic libraries:
0x00007ff6276b0000 - 0x00007ff6276e7000 	C:\Program Files\Java\jdk1.8.0_211\bin\java.exe
0x00007ffbb0000000 - 0x00007ffbb01f0000 	C:\WINDOWS\SYSTEM32\ntdll.dll
0x00007ffbae2c0000 - 0x00007ffbae372000 	C:\WINDOWS\System32\KERNEL32.DLL
0x00007ffbad0c0000 - 0x00007ffbad363000 	C:\WINDOWS\System32\KERNELBASE.dll
0x00007ffbaecb0000 - 0x00007ffbaed53000 	C:\WINDOWS\System32\ADVAPI32.dll
0x00007ffbaff20000 - 0x00007ffbaffbe000 	C:\WINDOWS\System32\msvcrt.dll
0x00007ffbae8d0000 - 0x00007ffbae967000 	C:\WINDOWS\System32\sechost.dll
0x00007ffbae5c0000 - 0x00007ffbae6e0000 	C:\WINDOWS\System32\RPCRT4.dll
0x00007ffbaee80000 - 0x00007ffbaf014000 	C:\WINDOWS\System32\USER32.dll
0x00007ffbad040000 - 0x00007ffbad061000 	C:\WINDOWS\System32\win32u.dll
0x00007ffbae970000 - 0x00007ffbae996000 	C:\WINDOWS\System32\GDI32.dll
0x00007ffbad690000 - 0x00007ffbad824000 	C:\WINDOWS\System32\gdi32full.dll
0x00007ffbad3c0000 - 0x00007ffbad45e000 	C:\WINDOWS\System32\msvcp_win.dll
0x00007ffbad830000 - 0x00007ffbad92a000 	C:\WINDOWS\System32\ucrtbase.dll
0x00007ffb9a780000 - 0x00007ffb9aa05000 	C:\WINDOWS\WinSxS\amd64_microsoft.windows.common-controls_6595b64144ccf1df_6.0.18362.720_none_e6beb5c51314836b\COMCTL32.dll
0x00007ffbaf490000 - 0x00007ffbaf7c6000 	C:\WINDOWS\System32\combase.dll
0x00007ffbad460000 - 0x00007ffbad4e0000 	C:\WINDOWS\System32\bcryptPrimitives.dll
0x00007ffbaea70000 - 0x00007ffbaea9e000 	C:\WINDOWS\System32\IMM32.DLL
0x0000000055500000 - 0x00000000555d2000 	C:\Program Files\Java\jdk1.8.0_211\jre\bin\msvcr100.dll
0x0000000054c50000 - 0x00000000554f5000 	C:\Program Files\Java\jdk1.8.0_211\jre\bin\server\jvm.dll
0x00007ffbaee50000 - 0x00007ffbaee58000 	C:\WINDOWS\System32\PSAPI.DLL
0x00007ffba8db0000 - 0x00007ffba8dd4000 	C:\WINDOWS\SYSTEM32\WINMM.dll
0x00007ffb9b170000 - 0x00007ffb9b179000 	C:\WINDOWS\SYSTEM32\WSOCK32.dll
0x00007ffbaadb0000 - 0x00007ffbaadba000 	C:\WINDOWS\SYSTEM32\VERSION.dll
0x00007ffbaed60000 - 0x00007ffbaedcf000 	C:\WINDOWS\System32\WS2_32.dll
0x00007ffba8d80000 - 0x00007ffba8dad000 	C:\WINDOWS\SYSTEM32\winmmbase.dll
0x00007ffbad070000 - 0x00007ffbad0ba000 	C:\WINDOWS\System32\cfgmgr32.dll
0x00007ffbaa370000 - 0x00007ffbaa37f000 	C:\Program Files\Java\jdk1.8.0_211\jre\bin\verify.dll
0x00007ffba0be0000 - 0x00007ffba0c09000 	C:\Program Files\Java\jdk1.8.0_211\jre\bin\java.dll
0x00007ffba8b60000 - 0x00007ffba8b76000 	C:\Program Files\Java\jdk1.8.0_211\jre\bin\zip.dll
0x00007ffbaf7d0000 - 0x00007ffbafeb5000 	C:\WINDOWS\System32\SHELL32.dll
0x00007ffbae0b0000 - 0x00007ffbae159000 	C:\WINDOWS\System32\shcore.dll
0x00007ffbad930000 - 0x00007ffbae0b0000 	C:\WINDOWS\System32\windows.storage.dll
0x00007ffbacf10000 - 0x00007ffbacf33000 	C:\WINDOWS\System32\profapi.dll
0x00007ffbacf40000 - 0x00007ffbacf8a000 	C:\WINDOWS\System32\powrprof.dll
0x00007ffbacec0000 - 0x00007ffbaced0000 	C:\WINDOWS\System32\UMPDC.dll
0x00007ffbafec0000 - 0x00007ffbaff12000 	C:\WINDOWS\System32\shlwapi.dll
0x00007ffbacef0000 - 0x00007ffbacf01000 	C:\WINDOWS\System32\kernel.appcore.dll
0x00007ffbad370000 - 0x00007ffbad387000 	C:\WINDOWS\System32\cryptsp.dll
0x00007ffb9f150000 - 0x00007ffb9f16a000 	C:\Program Files\Java\jdk1.8.0_211\jre\bin\net.dll
0x00007ffb9c6c0000 - 0x00007ffb9c895000 	C:\WINDOWS\SYSTEM32\urlmon.dll
0x00007ffb9c9c0000 - 0x00007ffb9cc66000 	C:\WINDOWS\SYSTEM32\iertutil.dll
0x00007ffbac900000 - 0x00007ffbac90c000 	C:\WINDOWS\SYSTEM32\CRYPTBASE.DLL
0x00007ffbac730000 - 0x00007ffbac797000 	C:\WINDOWS\system32\mswsock.dll
0x00007ffb9f130000 - 0x00007ffb9f142000 	C:\Program Files\Java\jdk1.8.0_211\jre\bin\nio.dll
0x00007ffb9ed50000 - 0x00007ffb9ed76000 	C:\Users\joann\.gradle\native\29\windows-amd64\native-platform.dll
0x00007ffb9f5b0000 - 0x00007ffb9f5bd000 	C:\Program Files\Java\jdk1.8.0_211\jre\bin\management.dll
0x00007ffbac2a0000 - 0x00007ffbac2d3000 	C:\WINDOWS\system32\rsaenh.dll
0x00007ffbad390000 - 0x00007ffbad3b6000 	C:\WINDOWS\System32\bcrypt.dll
0x00007ffbacdb0000 - 0x00007ffbacdd5000 	C:\WINDOWS\SYSTEM32\USERENV.dll
0x00007ffbac440000 - 0x00007ffbac47a000 	C:\WINDOWS\SYSTEM32\IPHLPAPI.DLL
0x00007ffbae8c0000 - 0x00007ffbae8c8000 	C:\WINDOWS\System32\NSI.dll
0x00007ffba0950000 - 0x00007ffba0966000 	C:\WINDOWS\SYSTEM32\dhcpcsvc6.DLL
0x00007ffba0a90000 - 0x00007ffba0aac000 	C:\WINDOWS\SYSTEM32\dhcpcsvc.DLL
0x00007ffbac480000 - 0x00007ffbac54a000 	C:\WINDOWS\SYSTEM32\DNSAPI.dll
0x00007ffb9ed20000 - 0x00007ffb9ed44000 	C:\Program Files\Java\jdk1.8.0_211\jre\bin\sunec.dll
0x00007ffb9ffb0000 - 0x00007ffb9ffba000 	C:\Windows\System32\rasadhlp.dll
0x00007ffba0810000 - 0x00007ffba0887000 	C:\WINDOWS\System32\fwpuclnt.dll
0x00007ffb9f120000 - 0x00007ffb9f12b000 	C:\Program Files\Java\jdk1.8.0_211\jre\bin\sunmscapi.dll
0x00007ffbad4e0000 - 0x00007ffbad629000 	C:\WINDOWS\System32\CRYPT32.dll
0x00007ffbaced0000 - 0x00007ffbacee2000 	C:\WINDOWS\System32\MSASN1.dll

VM Arguments:
jvm_args: -XX:MaxMetaspaceSize=256m -XX:+HeapDumpOnOutOfMemoryError -Xms256m -Xmx512m -Dfile.encoding=windows-1252 -Duser.country=HN -Duser.language=es -Duser.variant 
java_command: org.gradle.launcher.daemon.bootstrap.GradleDaemon 5.5
java_class_path (initial): C:\Users\joann\.gradle\wrapper\dists\gradle-5.5-all\byeise1led9a3w3p149d02kfj\gradle-5.5\lib\gradle-launcher-5.5.jar
Launcher Type: SUN_STANDARD

Environment Variables:
JAVA_HOME=C:\Program Files\Java\jdk1.8.0_211
CLASSPATH=C:\Users\joann\maythesalesmobile\android\\gradle\wrapper\gradle-wrapper.jar
PATH=C:\Python27\;C:\Python27\Scripts;C:\Program Files (x86)\Common Files\Oracle\Java\javapath;C:\Program Files (x86)\Intel\iCLS Client\;C:\Program Files\Intel\iCLS Client\;C:\WINDOWS\system32;C:\WINDOWS;C:\WINDOWS\System32\Wbem;C:\WINDOWS\System32\WindowsPowerShell\v1.0\;C:\Program Files (x86)\Intel\Intel(R) Management Engine Components\DAL;C:\Program Files\Intel\Intel(R) Management Engine Components\DAL;C:\Program Files (x86)\Intel\Intel(R) Management Engine Components\IPT;C:\Program Files\Intel\Intel(R) Management Engine Components\IPT;C:\WINDOWS\System32\OpenSSH\;C:\Program Files\dotnet\;C:\Program Files\Git\cmd;C:\ProgramData\chocolatey\bin;C:\Program Files\nodejs\;C:\Users\joann\AppData\Roaming\npm;C:\Users\joann\AppData\Local\Android\Sdk;C:\Program Files\Java\jdk1.8.0_211;C:\Users\joann\AppData\Local\Android\Sdk\platform-tools;C:\Program Files\Java\jdk1.8.0_211\bin;C:\Users\joann\AppData\Local\Microsoft\WindowsApps;C:\Users\joann\AppData\Local\Programs\Microsoft VS Code\bin;C:\Users\joann\AppData\Local\hyper\app-3.0.2\resources\bin;C:\Users\joann\AppData\Local\atom\bin;C:\Users\joann\AppData\Local\GitHubDesktop\bin;C:\Users\joann\AppData\Local\Microsoft\WindowsApps;C:\Users\joann\AppData\Roaming\npm
USERNAME=joann
OS=Windows_NT
PROCESSOR_IDENTIFIER=Intel64 Family 6 Model 78 Stepping 3, GenuineIntel



---------------  S Y S T E M  ---------------

OS: Windows 10.0 , 64 bit Build 18362 (10.0.18362.329)

CPU:total 4 (initial active 4) (2 cores per cpu, 2 threads per core) family 6 model 78 stepping 3, cmov, cx8, fxsr, mmx, sse, sse2, sse3, ssse3, sse4.1, sse4.2, popcnt, avx, avx2, aes, clmul, erms, 3dnowpref, lzcnt, ht, tsc, tscinvbit, bmi1, bmi2, adx

Memory: 4k page, physical 8270988k(1047544k free), swap 8475788k(6212k free)

vm_info: Java HotSpot(TM) 64-Bit Server VM (25.211-b12) for windows-amd64 JRE (1.8.0_211-b12), built on Apr  1 2019 20:53:26 by "java_re" with MS VC++ 10.0 (VS2010)

time: Tue Mar 17 14:47:24 2020
timezone: Hora estándar, América Central
elapsed time: 49 seconds (0d 0h 0m 49s)

